<?xml version="1.0" encoding="UTF-8"?>
<coverage generated="1720403473198" clover="3.2.0">
  <project timestamp="1720403473199" name="All files">
    <metrics statements="149" coveredstatements="119" conditionals="33" coveredconditionals="22" methods="74" coveredmethods="62" elements="256" coveredelements="203" complexity="0" loc="149" ncloc="149" packages="1" files="5" classes="5"/>
    <file name="Biblioteca.ts" path="C:\Users\migue\Desktop\ads\2 SEMESTRE\programação orientada objetos\trabalho final\biblioteca\src\classes\Biblioteca.ts">
      <metrics statements="99" coveredstatements="72" conditionals="33" coveredconditionals="22" methods="42" coveredmethods="33"/>
      <line num="1" count="1" type="stmt"/>
      <line num="2" count="1" type="stmt"/>
      <line num="3" count="1" type="stmt"/>
      <line num="4" count="1" type="stmt"/>
      <line num="5" count="1" type="stmt"/>
      <line num="6" count="1" type="stmt"/>
      <line num="8" count="1" type="stmt"/>
      <line num="11" count="16" type="stmt"/>
      <line num="12" count="16" type="stmt"/>
      <line num="13" count="16" type="stmt"/>
      <line num="15" count="16" type="stmt"/>
      <line num="16" count="16" type="stmt"/>
      <line num="17" count="16" type="stmt"/>
      <line num="23" count="11" type="stmt"/>
      <line num="24" count="11" type="stmt"/>
      <line num="27" count="11" type="stmt"/>
      <line num="28" count="11" type="stmt"/>
      <line num="33" count="11" type="stmt"/>
      <line num="35" count="11" type="stmt"/>
      <line num="37" count="9" type="cond" truecount="3" falsecount="1"/>
      <line num="38" count="9" type="stmt"/>
      <line num="39" count="9" type="stmt"/>
      <line num="41" count="0" type="stmt"/>
      <line num="53" count="16" type="stmt"/>
      <line num="62" count="17" type="stmt"/>
      <line num="68" count="16" type="stmt"/>
      <line num="69" count="16" type="stmt"/>
      <line num="70" count="0" type="stmt"/>
      <line num="72" count="0" type="stmt"/>
      <line num="81" count="18" type="stmt"/>
      <line num="92" count="19" type="stmt"/>
      <line num="100" count="18" type="stmt"/>
      <line num="101" count="18" type="stmt"/>
      <line num="102" count="0" type="stmt"/>
      <line num="104" count="0" type="stmt"/>
      <line num="109" count="11" type="stmt"/>
      <line num="117" count="11" type="stmt"/>
      <line num="118" count="17" type="cond" truecount="3" falsecount="0"/>
      <line num="119" count="17" type="stmt"/>
      <line num="120" count="17" type="stmt"/>
      <line num="121" count="17" type="stmt"/>
      <line num="128" count="0" type="stmt"/>
      <line num="134" count="17" type="stmt"/>
      <line num="135" count="11" type="stmt"/>
      <line num="136" count="11" type="stmt"/>
      <line num="137" count="0" type="stmt"/>
      <line num="139" count="0" type="stmt"/>
      <line num="150" count="18" type="stmt"/>
      <line num="151" count="18" type="cond" truecount="0" falsecount="1"/>
      <line num="152" count="0" type="stmt"/>
      <line num="153" count="0" type="stmt"/>
      <line num="154" count="0" type="stmt"/>
      <line num="155" count="0" type="stmt"/>
      <line num="156" count="0" type="stmt"/>
      <line num="170" count="18" type="stmt"/>
      <line num="171" count="18" type="cond" truecount="0" falsecount="1"/>
      <line num="172" count="0" type="stmt"/>
      <line num="173" count="0" type="stmt"/>
      <line num="174" count="0" type="stmt"/>
      <line num="175" count="0" type="stmt"/>
      <line num="181" count="17" type="stmt"/>
      <line num="182" count="17" type="cond" truecount="0" falsecount="1"/>
      <line num="183" count="0" type="stmt"/>
      <line num="184" count="0" type="stmt"/>
      <line num="185" count="0" type="stmt"/>
      <line num="186" count="0" type="stmt"/>
      <line num="187" count="0" type="stmt"/>
      <line num="189" count="0" type="cond" truecount="0" falsecount="4"/>
      <line num="190" count="0" type="cond" truecount="0" falsecount="2"/>
      <line num="192" count="0" type="stmt"/>
      <line num="193" count="0" type="stmt"/>
      <line num="195" count="0" type="stmt"/>
      <line num="205" count="1" type="stmt"/>
      <line num="207" count="1" type="stmt"/>
      <line num="211" count="1" type="stmt"/>
      <line num="213" count="1" type="stmt"/>
      <line num="223" count="1" type="cond" truecount="2" falsecount="0"/>
      <line num="224" count="1" type="cond" truecount="1" falsecount="0"/>
      <line num="225" count="1" type="stmt"/>
      <line num="226" count="1" type="stmt"/>
      <line num="238" count="3" type="stmt"/>
      <line num="240" count="3" type="cond" truecount="1" falsecount="0"/>
      <line num="241" count="3" type="cond" truecount="1" falsecount="0"/>
      <line num="242" count="3" type="cond" truecount="1" falsecount="0"/>
      <line num="244" count="3" type="cond" truecount="1" falsecount="0"/>
      <line num="246" count="3" type="stmt"/>
      <line num="258" count="5" type="stmt"/>
      <line num="259" count="5" type="cond" truecount="1" falsecount="0"/>
      <line num="260" count="5" type="cond" truecount="1" falsecount="0"/>
      <line num="262" count="5" type="cond" truecount="1" falsecount="0"/>
      <line num="263" count="5" type="cond" truecount="1" falsecount="0"/>
      <line num="264" count="5" type="cond" truecount="1" falsecount="0"/>
      <line num="265" count="5" type="cond" truecount="1" falsecount="0"/>
      <line num="266" count="5" type="stmt"/>
      <line num="278" count="3" type="stmt"/>
      <line num="282" count="3" type="stmt"/>
      <line num="286" count="2" type="stmt"/>
      <line num="290" count="6" type="stmt"/>
      <line num="294" count="6" type="stmt"/>
    </file>
    <file name="Emprestimo.ts" path="C:\Users\migue\Desktop\ads\2 SEMESTRE\programação orientada objetos\trabalho final\biblioteca\src\classes\Emprestimo.ts">
      <metrics statements="15" coveredstatements="14" conditionals="0" coveredconditionals="0" methods="9" coveredmethods="8"/>
      <line num="4" count="1" type="stmt"/>
      <line num="17" count="10" type="stmt"/>
      <line num="18" count="10" type="stmt"/>
      <line num="19" count="10" type="stmt"/>
      <line num="20" count="10" type="stmt"/>
      <line num="21" count="10" type="stmt"/>
      <line num="22" count="10" type="stmt"/>
      <line num="25" count="17" type="stmt"/>
      <line num="28" count="18" type="stmt"/>
      <line num="31" count="41" type="stmt"/>
      <line num="34" count="41" type="stmt"/>
      <line num="37" count="11" type="stmt"/>
      <line num="40" count="11" type="stmt"/>
      <line num="43" count="1" type="stmt"/>
      <line num="46" count="0" type="stmt"/>
    </file>
    <file name="Livro.ts" path="C:\Users\migue\Desktop\ads\2 SEMESTRE\programação orientada objetos\trabalho final\biblioteca\src\classes\Livro.ts">
      <metrics statements="19" coveredstatements="18" conditionals="0" coveredconditionals="0" methods="13" coveredmethods="12"/>
      <line num="8" count="1" type="stmt"/>
      <line num="17" count="13" type="stmt"/>
      <line num="18" count="13" type="stmt"/>
      <line num="19" count="13" type="stmt"/>
      <line num="20" count="13" type="stmt"/>
      <line num="21" count="13" type="stmt"/>
      <line num="22" count="13" type="stmt"/>
      <line num="25" count="0" type="stmt"/>
      <line num="28" count="1" type="stmt"/>
      <line num="31" count="1" type="stmt"/>
      <line num="34" count="1" type="stmt"/>
      <line num="37" count="1" type="stmt"/>
      <line num="40" count="1" type="stmt"/>
      <line num="43" count="70" type="stmt"/>
      <line num="46" count="20" type="stmt"/>
      <line num="49" count="20" type="stmt"/>
      <line num="52" count="20" type="stmt"/>
      <line num="55" count="20" type="stmt"/>
      <line num="58" count="20" type="stmt"/>
    </file>
    <file name="Membro.ts" path="C:\Users\migue\Desktop\ads\2 SEMESTRE\programação orientada objetos\trabalho final\biblioteca\src\classes\Membro.ts">
      <metrics statements="6" coveredstatements="5" conditionals="0" coveredconditionals="0" methods="3" coveredmethods="2"/>
      <line num="1" count="1" type="stmt"/>
      <line num="3" count="1" type="stmt"/>
      <line num="11" count="13" type="stmt"/>
      <line num="12" count="13" type="stmt"/>
      <line num="16" count="0" type="stmt"/>
      <line num="20" count="66" type="stmt"/>
    </file>
    <file name="Pessoa.ts" path="C:\Users\migue\Desktop\ads\2 SEMESTRE\programação orientada objetos\trabalho final\biblioteca\src\classes\Pessoa.ts">
      <metrics statements="10" coveredstatements="10" conditionals="0" coveredconditionals="0" methods="7" coveredmethods="7"/>
      <line num="1" count="1" type="stmt"/>
      <line num="7" count="13" type="stmt"/>
      <line num="8" count="13" type="stmt"/>
      <line num="9" count="13" type="stmt"/>
      <line num="13" count="1" type="stmt"/>
      <line num="17" count="1" type="stmt"/>
      <line num="21" count="1" type="stmt"/>
      <line num="25" count="18" type="stmt"/>
      <line num="29" count="18" type="stmt"/>
      <line num="33" count="18" type="stmt"/>
    </file>
  </project>
</coverage>
