<?xml version="1.0" encoding="UTF-8"?>
<coverage generated="1720363914590" clover="3.2.0">
  <project timestamp="1720363914590" name="All files">
    <metrics statements="142" coveredstatements="113" conditionals="34" coveredconditionals="24" methods="73" coveredmethods="59" elements="249" coveredelements="196" complexity="0" loc="142" ncloc="142" packages="1" files="5" classes="5"/>
    <file name="Biblioteca.ts" path="C:\Users\migue\Desktop\ads\2 SEMESTRE\programação orientada objetos\trabalho final\biblioteca\src\classes\Biblioteca.ts">
      <metrics statements="92" coveredstatements="66" conditionals="34" coveredconditionals="24" methods="41" coveredmethods="30"/>
      <line num="1" count="1" type="stmt"/>
      <line num="2" count="1" type="stmt"/>
      <line num="3" count="1" type="stmt"/>
      <line num="4" count="1" type="stmt"/>
      <line num="5" count="1" type="stmt"/>
      <line num="6" count="1" type="stmt"/>
      <line num="8" count="1" type="stmt"/>
      <line num="11" count="43" type="stmt"/>
      <line num="12" count="43" type="stmt"/>
      <line num="13" count="43" type="stmt"/>
      <line num="15" count="43" type="stmt"/>
      <line num="16" count="43" type="stmt"/>
      <line num="17" count="43" type="stmt"/>
      <line num="20" count="20" type="stmt"/>
      <line num="21" count="20" type="stmt"/>
      <line num="24" count="22" type="stmt"/>
      <line num="25" count="22" type="stmt"/>
      <line num="28" count="10" type="stmt"/>
      <line num="29" count="10" type="stmt"/>
      <line num="31" count="9" type="cond" truecount="3" falsecount="1"/>
      <line num="32" count="9" type="stmt"/>
      <line num="33" count="9" type="stmt"/>
      <line num="35" count="0" type="stmt"/>
      <line num="39" count="29" type="stmt"/>
      <line num="48" count="29" type="stmt"/>
      <line num="54" count="29" type="stmt"/>
      <line num="55" count="29" type="stmt"/>
      <line num="56" count="0" type="stmt"/>
      <line num="58" count="0" type="stmt"/>
      <line num="62" count="33" type="stmt"/>
      <line num="73" count="33" type="stmt"/>
      <line num="81" count="33" type="stmt"/>
      <line num="82" count="33" type="stmt"/>
      <line num="83" count="0" type="stmt"/>
      <line num="85" count="0" type="stmt"/>
      <line num="90" count="12" type="stmt"/>
      <line num="100" count="15" type="stmt"/>
      <line num="107" count="12" type="stmt"/>
      <line num="108" count="12" type="stmt"/>
      <line num="109" count="0" type="stmt"/>
      <line num="111" count="0" type="stmt"/>
      <line num="116" count="50" type="stmt"/>
      <line num="117" count="50" type="cond" truecount="0" falsecount="1"/>
      <line num="118" count="0" type="stmt"/>
      <line num="119" count="0" type="stmt"/>
      <line num="120" count="0" type="stmt"/>
      <line num="121" count="0" type="stmt"/>
      <line num="127" count="50" type="stmt"/>
      <line num="128" count="50" type="cond" truecount="0" falsecount="1"/>
      <line num="129" count="0" type="stmt"/>
      <line num="130" count="0" type="stmt"/>
      <line num="131" count="0" type="stmt"/>
      <line num="132" count="0" type="stmt"/>
      <line num="138" count="47" type="stmt"/>
      <line num="139" count="47" type="cond" truecount="0" falsecount="1"/>
      <line num="140" count="0" type="stmt"/>
      <line num="141" count="0" type="stmt"/>
      <line num="142" count="0" type="stmt"/>
      <line num="143" count="0" type="stmt"/>
      <line num="144" count="0" type="stmt"/>
      <line num="146" count="0" type="cond" truecount="0" falsecount="4"/>
      <line num="147" count="0" type="cond" truecount="0" falsecount="2"/>
      <line num="149" count="0" type="stmt"/>
      <line num="150" count="0" type="stmt"/>
      <line num="152" count="0" type="stmt"/>
      <line num="157" count="3" type="stmt"/>
      <line num="158" count="3" type="stmt"/>
      <line num="162" count="3" type="stmt"/>
      <line num="163" count="3" type="stmt"/>
      <line num="167" count="3" type="cond" truecount="2" falsecount="0"/>
      <line num="168" count="3" type="cond" truecount="1" falsecount="0"/>
      <line num="169" count="3" type="stmt"/>
      <line num="170" count="3" type="stmt"/>
      <line num="175" count="6" type="stmt"/>
      <line num="176" count="6" type="cond" truecount="1" falsecount="0"/>
      <line num="177" count="6" type="cond" truecount="1" falsecount="0"/>
      <line num="178" count="6" type="cond" truecount="1" falsecount="0"/>
      <line num="179" count="6" type="cond" truecount="1" falsecount="0"/>
      <line num="180" count="6" type="stmt"/>
      <line num="185" count="8" type="stmt"/>
      <line num="186" count="8" type="cond" truecount="1" falsecount="0"/>
      <line num="187" count="8" type="cond" truecount="1" falsecount="0"/>
      <line num="188" count="8" type="cond" truecount="1" falsecount="0"/>
      <line num="189" count="8" type="cond" truecount="1" falsecount="0"/>
      <line num="190" count="8" type="cond" truecount="1" falsecount="0"/>
      <line num="191" count="8" type="cond" truecount="1" falsecount="0"/>
      <line num="192" count="8" type="stmt"/>
      <line num="197" count="9" type="stmt"/>
      <line num="201" count="9" type="stmt"/>
      <line num="205" count="7" type="stmt"/>
      <line num="209" count="3" type="stmt"/>
      <line num="213" count="0" type="stmt"/>
    </file>
    <file name="Emprestimo.ts" path="C:\Users\migue\Desktop\ads\2 SEMESTRE\programação orientada objetos\trabalho final\biblioteca\src\classes\Emprestimo.ts">
      <metrics statements="15" coveredstatements="14" conditionals="0" coveredconditionals="0" methods="9" coveredmethods="8"/>
      <line num="4" count="1" type="stmt"/>
      <line num="20" count="13" type="stmt"/>
      <line num="21" count="13" type="stmt"/>
      <line num="22" count="13" type="stmt"/>
      <line num="23" count="13" type="stmt"/>
      <line num="24" count="13" type="stmt"/>
      <line num="25" count="13" type="stmt"/>
      <line num="30" count="15" type="stmt"/>
      <line num="34" count="18" type="stmt"/>
      <line num="38" count="18" type="stmt"/>
      <line num="42" count="21" type="stmt"/>
      <line num="46" count="10" type="stmt"/>
      <line num="50" count="10" type="stmt"/>
      <line num="55" count="3" type="stmt"/>
      <line num="59" count="0" type="stmt"/>
    </file>
    <file name="Livro.ts" path="C:\Users\migue\Desktop\ads\2 SEMESTRE\programação orientada objetos\trabalho final\biblioteca\src\classes\Livro.ts">
      <metrics statements="19" coveredstatements="18" conditionals="0" coveredconditionals="0" methods="13" coveredmethods="12"/>
      <line num="10" count="1" type="stmt"/>
      <line num="26" count="29" type="stmt"/>
      <line num="27" count="29" type="stmt"/>
      <line num="28" count="29" type="stmt"/>
      <line num="29" count="29" type="stmt"/>
      <line num="30" count="29" type="stmt"/>
      <line num="31" count="29" type="stmt"/>
      <line num="35" count="0" type="stmt"/>
      <line num="39" count="4" type="stmt"/>
      <line num="43" count="1" type="stmt"/>
      <line num="47" count="1" type="stmt"/>
      <line num="51" count="1" type="stmt"/>
      <line num="55" count="1" type="stmt"/>
      <line num="59" count="83" type="stmt"/>
      <line num="63" count="35" type="stmt"/>
      <line num="67" count="32" type="stmt"/>
      <line num="71" count="32" type="stmt"/>
      <line num="75" count="32" type="stmt"/>
      <line num="79" count="32" type="stmt"/>
    </file>
    <file name="Membro.ts" path="C:\Users\migue\Desktop\ads\2 SEMESTRE\programação orientada objetos\trabalho final\biblioteca\src\classes\Membro.ts">
      <metrics statements="6" coveredstatements="5" conditionals="0" coveredconditionals="0" methods="3" coveredmethods="2"/>
      <line num="1" count="1" type="stmt"/>
      <line num="3" count="1" type="stmt"/>
      <line num="7" count="27" type="stmt"/>
      <line num="8" count="27" type="stmt"/>
      <line num="12" count="0" type="stmt"/>
      <line num="16" count="80" type="stmt"/>
    </file>
    <file name="Pessoa.ts" path="C:\Users\migue\Desktop\ads\2 SEMESTRE\programação orientada objetos\trabalho final\biblioteca\src\classes\Pessoa.ts">
      <metrics statements="10" coveredstatements="10" conditionals="0" coveredconditionals="0" methods="7" coveredmethods="7"/>
      <line num="1" count="1" type="stmt"/>
      <line num="7" count="27" type="stmt"/>
      <line num="8" count="27" type="stmt"/>
      <line num="9" count="27" type="stmt"/>
      <line num="13" count="4" type="stmt"/>
      <line num="17" count="1" type="stmt"/>
      <line num="21" count="1" type="stmt"/>
      <line num="25" count="31" type="stmt"/>
      <line num="29" count="28" type="stmt"/>
      <line num="33" count="28" type="stmt"/>
    </file>
  </project>
</coverage>
