{"C:\\Users\\migue\\Desktop\\ads\\2 SEMESTRE\\programação orientada objetos\\trabalho final\\biblioteca\\src\\classes\\Biblioteca.ts": {"path":"C:\\Users\\migue\\Desktop\\ads\\2 SEMESTRE\\programação orientada objetos\\trabalho final\\biblioteca\\src\\classes\\Biblioteca.ts","statementMap":{"0":{"start":{"line":1,"column":0},"end":{"line":1,"column":51}},"1":{"start":{"line":2,"column":0},"end":{"line":2,"column":34}},"2":{"start":{"line":3,"column":0},"end":{"line":3,"column":32}},"3":{"start":{"line":4,"column":0},"end":{"line":4,"column":42}},"4":{"start":{"line":5,"column":0},"end":{"line":5,"column":20}},"5":{"start":{"line":6,"column":0},"end":{"line":6,"column":24}},"6":{"start":{"line":11,"column":12},"end":{"line":11,"column":35}},"7":{"start":{"line":12,"column":12},"end":{"line":12,"column":33}},"8":{"start":{"line":13,"column":12},"end":{"line":13,"column":43}},"9":{"start":{"line":15,"column":8},"end":{"line":15,"column":31}},"10":{"start":{"line":16,"column":8},"end":{"line":16,"column":30}},"11":{"start":{"line":17,"column":8},"end":{"line":17,"column":35}},"12":{"start":{"line":20,"column":8},"end":{"line":20,"column":34}},"13":{"start":{"line":21,"column":8},"end":{"line":21,"column":29}},"14":{"start":{"line":24,"column":8},"end":{"line":24,"column":32}},"15":{"start":{"line":25,"column":8},"end":{"line":25,"column":28}},"16":{"start":{"line":28,"column":22},"end":{"line":28,"column":86}},"17":{"start":{"line":28,"column":44},"end":{"line":28,"column":85}},"18":{"start":{"line":29,"column":23},"end":{"line":29,"column":99}},"19":{"start":{"line":29,"column":46},"end":{"line":29,"column":98}},"20":{"start":{"line":31,"column":8},"end":{"line":36,"column":9}},"21":{"start":{"line":32,"column":12},"end":{"line":32,"column":46}},"22":{"start":{"line":33,"column":12},"end":{"line":33,"column":37}},"23":{"start":{"line":35,"column":12},"end":{"line":35,"column":173}},"24":{"start":{"line":39,"column":26},"end":{"line":47,"column":10}},"25":{"start":{"line":48,"column":26},"end":{"line":53,"column":11}},"26":{"start":{"line":48,"column":49},"end":{"line":53,"column":10}},"27":{"start":{"line":54,"column":8},"end":{"line":59,"column":9}},"28":{"start":{"line":55,"column":12},"end":{"line":55,"column":52}},"29":{"start":{"line":56,"column":12},"end":{"line":56,"column":55}},"30":{"start":{"line":58,"column":12},"end":{"line":58,"column":58}},"31":{"start":{"line":62,"column":26},"end":{"line":72,"column":10}},"32":{"start":{"line":73,"column":26},"end":{"line":80,"column":11}},"33":{"start":{"line":73,"column":48},"end":{"line":80,"column":10}},"34":{"start":{"line":81,"column":8},"end":{"line":86,"column":9}},"35":{"start":{"line":82,"column":12},"end":{"line":82,"column":52}},"36":{"start":{"line":83,"column":12},"end":{"line":83,"column":54}},"37":{"start":{"line":85,"column":12},"end":{"line":85,"column":57}},"38":{"start":{"line":90,"column":26},"end":{"line":98,"column":10}},"39":{"start":{"line":100,"column":26},"end":{"line":105,"column":11}},"40":{"start":{"line":100,"column":52},"end":{"line":105,"column":11}},"41":{"start":{"line":107,"column":8},"end":{"line":112,"column":9}},"42":{"start":{"line":108,"column":10},"end":{"line":108,"column":50}},"43":{"start":{"line":109,"column":10},"end":{"line":109,"column":57}},"44":{"start":{"line":111,"column":10},"end":{"line":111,"column":65}},"45":{"start":{"line":116,"column":24},"end":{"line":116,"column":57}},"46":{"start":{"line":117,"column":8},"end":{"line":123,"column":9}},"47":{"start":{"line":118,"column":26},"end":{"line":118,"column":80}},"48":{"start":{"line":119,"column":12},"end":{"line":122,"column":15}},"49":{"start":{"line":120,"column":62},"end":{"line":120,"column":105}},"50":{"start":{"line":120,"column":92},"end":{"line":120,"column":104}},"51":{"start":{"line":121,"column":16},"end":{"line":121,"column":71}},"52":{"start":{"line":127,"column":24},"end":{"line":127,"column":56}},"53":{"start":{"line":128,"column":8},"end":{"line":134,"column":9}},"54":{"start":{"line":129,"column":26},"end":{"line":129,"column":80}},"55":{"start":{"line":130,"column":12},"end":{"line":133,"column":15}},"56":{"start":{"line":131,"column":70},"end":{"line":131,"column":113}},"57":{"start":{"line":131,"column":100},"end":{"line":131,"column":112}},"58":{"start":{"line":132,"column":16},"end":{"line":132,"column":77}},"59":{"start":{"line":138,"column":24},"end":{"line":138,"column":61}},"60":{"start":{"line":139,"column":8},"end":{"line":153,"column":9}},"61":{"start":{"line":140,"column":24},"end":{"line":140,"column":78}},"62":{"start":{"line":141,"column":10},"end":{"line":152,"column":53}},"63":{"start":{"line":142,"column":69},"end":{"line":142,"column":112}},"64":{"start":{"line":142,"column":99},"end":{"line":142,"column":111}},"65":{"start":{"line":143,"column":26},"end":{"line":143,"column":69}},"66":{"start":{"line":143,"column":48},"end":{"line":143,"column":68}},"67":{"start":{"line":144,"column":27},"end":{"line":144,"column":81}},"68":{"start":{"line":144,"column":50},"end":{"line":144,"column":80}},"69":{"start":{"line":146,"column":12},"end":{"line":151,"column":13}},"70":{"start":{"line":147,"column":14},"end":{"line":147,"column":125}},"71":{"start":{"line":149,"column":14},"end":{"line":149,"column":134}},"72":{"start":{"line":150,"column":14},"end":{"line":150,"column":26}},"73":{"start":{"line":152,"column":25},"end":{"line":152,"column":35}},"74":{"start":{"line":157,"column":8},"end":{"line":157,"column":80}},"75":{"start":{"line":157,"column":48},"end":{"line":157,"column":78}},"76":{"start":{"line":158,"column":8},"end":{"line":158,"column":29}},"77":{"start":{"line":162,"column":8},"end":{"line":162,"column":68}},"78":{"start":{"line":162,"column":46},"end":{"line":162,"column":66}},"79":{"start":{"line":163,"column":8},"end":{"line":163,"column":28}},"80":{"start":{"line":167,"column":27},"end":{"line":167,"column":132}},"81":{"start":{"line":167,"column":54},"end":{"line":167,"column":131}},"82":{"start":{"line":168,"column":8},"end":{"line":171,"column":9}},"83":{"start":{"line":169,"column":12},"end":{"line":169,"column":55}},"84":{"start":{"line":170,"column":12},"end":{"line":170,"column":37}},"85":{"start":{"line":175,"column":23},"end":{"line":175,"column":77}},"86":{"start":{"line":175,"column":46},"end":{"line":175,"column":76}},"87":{"start":{"line":176,"column":8},"end":{"line":181,"column":9}},"88":{"start":{"line":177,"column":12},"end":{"line":177,"column":65}},"89":{"start":{"line":177,"column":33},"end":{"line":177,"column":65}},"90":{"start":{"line":178,"column":12},"end":{"line":178,"column":77}},"91":{"start":{"line":178,"column":37},"end":{"line":178,"column":77}},"92":{"start":{"line":179,"column":12},"end":{"line":179,"column":77}},"93":{"start":{"line":179,"column":37},"end":{"line":179,"column":77}},"94":{"start":{"line":180,"column":12},"end":{"line":180,"column":33}},"95":{"start":{"line":185,"column":22},"end":{"line":185,"column":65}},"96":{"start":{"line":185,"column":44},"end":{"line":185,"column":64}},"97":{"start":{"line":186,"column":8},"end":{"line":193,"column":9}},"98":{"start":{"line":187,"column":12},"end":{"line":187,"column":102}},"99":{"start":{"line":187,"column":58},"end":{"line":187,"column":102}},"100":{"start":{"line":188,"column":12},"end":{"line":188,"column":99}},"101":{"start":{"line":188,"column":57},"end":{"line":188,"column":99}},"102":{"start":{"line":189,"column":12},"end":{"line":189,"column":105}},"103":{"start":{"line":189,"column":59},"end":{"line":189,"column":105}},"104":{"start":{"line":190,"column":12},"end":{"line":190,"column":93}},"105":{"start":{"line":190,"column":55},"end":{"line":190,"column":93}},"106":{"start":{"line":191,"column":12},"end":{"line":191,"column":102}},"107":{"start":{"line":191,"column":58},"end":{"line":191,"column":102}},"108":{"start":{"line":192,"column":12},"end":{"line":192,"column":32}},"109":{"start":{"line":197,"column":8},"end":{"line":197,"column":28}},"110":{"start":{"line":201,"column":8},"end":{"line":201,"column":27}},"111":{"start":{"line":205,"column":8},"end":{"line":205,"column":32}},"112":{"start":{"line":209,"column":8},"end":{"line":209,"column":88}},"113":{"start":{"line":209,"column":44},"end":{"line":209,"column":86}},"114":{"start":{"line":213,"column":8},"end":{"line":213,"column":77}},"115":{"start":{"line":213,"column":44},"end":{"line":213,"column":75}},"116":{"start":{"line":8,"column":0},"end":{"line":8,"column":13}}},"fnMap":{"0":{"name":"(anonymous_8)","decl":{"start":{"line":14,"column":4},"end":{"line":14,"column":null}},"loc":{"start":{"line":14,"column":4},"end":{"line":18,"column":5}}},"1":{"name":"(anonymous_9)","decl":{"start":{"line":19,"column":4},"end":{"line":19,"column":19}},"loc":{"start":{"line":19,"column":34},"end":{"line":22,"column":5}}},"2":{"name":"(anonymous_10)","decl":{"start":{"line":23,"column":4},"end":{"line":23,"column":18}},"loc":{"start":{"line":23,"column":31},"end":{"line":26,"column":5}}},"3":{"name":"(anonymous_11)","decl":{"start":{"line":27,"column":11},"end":{"line":27,"column":30}},"loc":{"start":{"line":27,"column":53},"end":{"line":37,"column":5}}},"4":{"name":"(anonymous_12)","decl":{"start":{"line":28,"column":39},"end":{"line":28,"column":40}},"loc":{"start":{"line":28,"column":44},"end":{"line":28,"column":85}}},"5":{"name":"(anonymous_13)","decl":{"start":{"line":29,"column":41},"end":{"line":29,"column":42}},"loc":{"start":{"line":29,"column":46},"end":{"line":29,"column":98}}},"6":{"name":"(anonymous_14)","decl":{"start":{"line":38,"column":10},"end":{"line":38,"column":23}},"loc":{"start":{"line":38,"column":23},"end":{"line":60,"column":null}}},"7":{"name":"(anonymous_16)","decl":{"start":{"line":48,"column":43},"end":{"line":48,"column":44}},"loc":{"start":{"line":48,"column":49},"end":{"line":53,"column":10}}},"8":{"name":"(anonymous_17)","decl":{"start":{"line":61,"column":10},"end":{"line":61,"column":22}},"loc":{"start":{"line":61,"column":22},"end":{"line":87,"column":null}}},"9":{"name":"(anonymous_19)","decl":{"start":{"line":73,"column":42},"end":{"line":73,"column":43}},"loc":{"start":{"line":73,"column":48},"end":{"line":80,"column":10}}},"10":{"name":"(anonymous_20)","decl":{"start":{"line":89,"column":10},"end":{"line":89,"column":27}},"loc":{"start":{"line":89,"column":27},"end":{"line":113,"column":null}}},"11":{"name":"(anonymous_22)","decl":{"start":{"line":100,"column":47},"end":{"line":100,"column":48}},"loc":{"start":{"line":100,"column":51},"end":{"line":105,"column":11}}},"12":{"name":"(anonymous_23)","decl":{"start":{"line":115,"column":4},"end":{"line":115,"column":19}},"loc":{"start":{"line":115,"column":19},"end":{"line":124,"column":5}}},"13":{"name":"(anonymous_24)","decl":{"start":{"line":119,"column":37},"end":{"line":119,"column":42}},"loc":{"start":{"line":119,"column":45},"end":{"line":122,"column":13}}},"14":{"name":"(anonymous_25)","decl":{"start":{"line":120,"column":83},"end":{"line":120,"column":88}},"loc":{"start":{"line":120,"column":92},"end":{"line":120,"column":104}}},"15":{"name":"(anonymous_26)","decl":{"start":{"line":126,"column":4},"end":{"line":126,"column":18}},"loc":{"start":{"line":126,"column":18},"end":{"line":135,"column":5}}},"16":{"name":"(anonymous_27)","decl":{"start":{"line":130,"column":36},"end":{"line":130,"column":41}},"loc":{"start":{"line":130,"column":44},"end":{"line":133,"column":13}}},"17":{"name":"(anonymous_28)","decl":{"start":{"line":131,"column":91},"end":{"line":131,"column":96}},"loc":{"start":{"line":131,"column":100},"end":{"line":131,"column":112}}},"18":{"name":"(anonymous_29)","decl":{"start":{"line":137,"column":4},"end":{"line":137,"column":23}},"loc":{"start":{"line":137,"column":23},"end":{"line":154,"column":7}}},"19":{"name":"(anonymous_30)","decl":{"start":{"line":141,"column":39},"end":{"line":141,"column":44}},"loc":{"start":{"line":141,"column":47},"end":{"line":152,"column":11}}},"20":{"name":"(anonymous_31)","decl":{"start":{"line":142,"column":90},"end":{"line":142,"column":95}},"loc":{"start":{"line":142,"column":99},"end":{"line":142,"column":111}}},"21":{"name":"(anonymous_32)","decl":{"start":{"line":143,"column":43},"end":{"line":143,"column":44}},"loc":{"start":{"line":143,"column":48},"end":{"line":143,"column":68}}},"22":{"name":"(anonymous_33)","decl":{"start":{"line":144,"column":45},"end":{"line":144,"column":46}},"loc":{"start":{"line":144,"column":50},"end":{"line":144,"column":80}}},"23":{"name":"(anonymous_34)","decl":{"start":{"line":152,"column":20},"end":{"line":152,"column":21}},"loc":{"start":{"line":152,"column":25},"end":{"line":152,"column":35}}},"24":{"name":"(anonymous_35)","decl":{"start":{"line":156,"column":4},"end":{"line":156,"column":17}},"loc":{"start":{"line":156,"column":35},"end":{"line":159,"column":5}}},"25":{"name":"(anonymous_36)","decl":{"start":{"line":157,"column":43},"end":{"line":157,"column":44}},"loc":{"start":{"line":157,"column":48},"end":{"line":157,"column":78}}},"26":{"name":"(anonymous_37)","decl":{"start":{"line":161,"column":4},"end":{"line":161,"column":16}},"loc":{"start":{"line":161,"column":29},"end":{"line":164,"column":5}}},"27":{"name":"(anonymous_38)","decl":{"start":{"line":162,"column":41},"end":{"line":162,"column":42}},"loc":{"start":{"line":162,"column":46},"end":{"line":162,"column":66}}},"28":{"name":"(anonymous_39)","decl":{"start":{"line":166,"column":4},"end":{"line":166,"column":17}},"loc":{"start":{"line":166,"column":70},"end":{"line":172,"column":5}}},"29":{"name":"(anonymous_40)","decl":{"start":{"line":167,"column":49},"end":{"line":167,"column":50}},"loc":{"start":{"line":167,"column":54},"end":{"line":167,"column":131}}},"30":{"name":"(anonymous_41)","decl":{"start":{"line":174,"column":11},"end":{"line":174,"column":24}},"loc":{"start":{"line":174,"column":117},"end":{"line":182,"column":5}}},"31":{"name":"(anonymous_42)","decl":{"start":{"line":175,"column":41},"end":{"line":175,"column":42}},"loc":{"start":{"line":175,"column":46},"end":{"line":175,"column":76}}},"32":{"name":"(anonymous_43)","decl":{"start":{"line":184,"column":4},"end":{"line":184,"column":16}},"loc":{"start":{"line":184,"column":57},"end":{"line":194,"column":5}}},"33":{"name":"(anonymous_44)","decl":{"start":{"line":185,"column":39},"end":{"line":185,"column":40}},"loc":{"start":{"line":185,"column":44},"end":{"line":185,"column":64}}},"34":{"name":"(anonymous_45)","decl":{"start":{"line":196,"column":4},"end":{"line":196,"column":20}},"loc":{"start":{"line":196,"column":20},"end":{"line":198,"column":5}}},"35":{"name":"(anonymous_46)","decl":{"start":{"line":200,"column":4},"end":{"line":200,"column":19}},"loc":{"start":{"line":200,"column":19},"end":{"line":202,"column":5}}},"36":{"name":"(anonymous_47)","decl":{"start":{"line":204,"column":4},"end":{"line":204,"column":24}},"loc":{"start":{"line":204,"column":24},"end":{"line":206,"column":5}}},"37":{"name":"(anonymous_48)","decl":{"start":{"line":208,"column":4},"end":{"line":208,"column":33}},"loc":{"start":{"line":208,"column":51},"end":{"line":210,"column":5}}},"38":{"name":"(anonymous_49)","decl":{"start":{"line":209,"column":39},"end":{"line":209,"column":40}},"loc":{"start":{"line":209,"column":44},"end":{"line":209,"column":86}}},"39":{"name":"(anonymous_50)","decl":{"start":{"line":212,"column":4},"end":{"line":212,"column":32}},"loc":{"start":{"line":212,"column":45},"end":{"line":214,"column":5}}},"40":{"name":"(anonymous_51)","decl":{"start":{"line":213,"column":39},"end":{"line":213,"column":40}},"loc":{"start":{"line":213,"column":44},"end":{"line":213,"column":75}}}},"branchMap":{"0":{"loc":{"start":{"line":31,"column":8},"end":{"line":36,"column":9}},"type":"if","locations":[{"start":{"line":31,"column":8},"end":{"line":36,"column":9}},{"start":{"line":34,"column":15},"end":{"line":36,"column":9}}]},"1":{"loc":{"start":{"line":31,"column":12},"end":{"line":31,"column":27}},"type":"binary-expr","locations":[{"start":{"line":31,"column":12},"end":{"line":31,"column":17}},{"start":{"line":31,"column":21},"end":{"line":31,"column":27}}]},"2":{"loc":{"start":{"line":104,"column":25},"end":{"line":104,"column":66}},"type":"cond-expr","locations":[{"start":{"line":104,"column":60},"end":{"line":104,"column":64}},{"start":{"line":104,"column":64},"end":{"line":104,"column":66}}]},"3":{"loc":{"start":{"line":104,"column":25},"end":{"line":104,"column":64}},"type":"binary-expr","locations":[{"start":{"line":104,"column":25},"end":{"line":104,"column":64}},{"start":{"line":104,"column":60},"end":{"line":104,"column":64}}]},"4":{"loc":{"start":{"line":104,"column":25},"end":{"line":104,"column":60}},"type":"cond-expr","locations":[{"start":{"line":104,"column":45},"end":{"line":104,"column":47}},{"start":{"line":104,"column":45},"end":{"line":104,"column":60}}]},"5":{"loc":{"start":{"line":104,"column":25},"end":{"line":104,"column":47}},"type":"binary-expr","locations":[{"start":{"line":104,"column":25},"end":{"line":104,"column":47}},{"start":{"line":104,"column":45},"end":{"line":104,"column":47}}]},"6":{"loc":{"start":{"line":117,"column":8},"end":{"line":123,"column":9}},"type":"if","locations":[{"start":{"line":117,"column":8},"end":{"line":123,"column":9}}]},"7":{"loc":{"start":{"line":128,"column":8},"end":{"line":134,"column":9}},"type":"if","locations":[{"start":{"line":128,"column":8},"end":{"line":134,"column":9}}]},"8":{"loc":{"start":{"line":139,"column":8},"end":{"line":153,"column":9}},"type":"if","locations":[{"start":{"line":139,"column":8},"end":{"line":153,"column":9}}]},"9":{"loc":{"start":{"line":146,"column":12},"end":{"line":151,"column":13}},"type":"if","locations":[{"start":{"line":146,"column":12},"end":{"line":151,"column":13}},{"start":{"line":148,"column":19},"end":{"line":151,"column":13}}]},"10":{"loc":{"start":{"line":146,"column":16},"end":{"line":146,"column":31}},"type":"binary-expr","locations":[{"start":{"line":146,"column":16},"end":{"line":146,"column":21}},{"start":{"line":146,"column":25},"end":{"line":146,"column":31}}]},"11":{"loc":{"start":{"line":147,"column":62},"end":{"line":147,"column":108}},"type":"cond-expr","locations":[{"start":{"line":147,"column":78},"end":{"line":147,"column":101}},{"start":{"line":147,"column":104},"end":{"line":147,"column":108}}]},"12":{"loc":{"start":{"line":167,"column":54},"end":{"line":167,"column":131}},"type":"binary-expr","locations":[{"start":{"line":167,"column":54},"end":{"line":167,"column":85}},{"start":{"line":167,"column":89},"end":{"line":167,"column":131}}]},"13":{"loc":{"start":{"line":168,"column":8},"end":{"line":171,"column":9}},"type":"if","locations":[{"start":{"line":168,"column":8},"end":{"line":171,"column":9}}]},"14":{"loc":{"start":{"line":176,"column":8},"end":{"line":181,"column":9}},"type":"if","locations":[{"start":{"line":176,"column":8},"end":{"line":181,"column":9}}]},"15":{"loc":{"start":{"line":177,"column":12},"end":{"line":177,"column":65}},"type":"if","locations":[{"start":{"line":177,"column":12},"end":{"line":177,"column":65}}]},"16":{"loc":{"start":{"line":178,"column":12},"end":{"line":178,"column":77}},"type":"if","locations":[{"start":{"line":178,"column":12},"end":{"line":178,"column":77}}]},"17":{"loc":{"start":{"line":179,"column":12},"end":{"line":179,"column":77}},"type":"if","locations":[{"start":{"line":179,"column":12},"end":{"line":179,"column":77}}]},"18":{"loc":{"start":{"line":186,"column":8},"end":{"line":193,"column":9}},"type":"if","locations":[{"start":{"line":186,"column":8},"end":{"line":193,"column":9}}]},"19":{"loc":{"start":{"line":187,"column":12},"end":{"line":187,"column":102}},"type":"if","locations":[{"start":{"line":187,"column":12},"end":{"line":187,"column":102}}]},"20":{"loc":{"start":{"line":188,"column":12},"end":{"line":188,"column":99}},"type":"if","locations":[{"start":{"line":188,"column":12},"end":{"line":188,"column":99}}]},"21":{"loc":{"start":{"line":189,"column":12},"end":{"line":189,"column":105}},"type":"if","locations":[{"start":{"line":189,"column":12},"end":{"line":189,"column":105}}]},"22":{"loc":{"start":{"line":190,"column":12},"end":{"line":190,"column":93}},"type":"if","locations":[{"start":{"line":190,"column":12},"end":{"line":190,"column":93}}]},"23":{"loc":{"start":{"line":191,"column":12},"end":{"line":191,"column":102}},"type":"if","locations":[{"start":{"line":191,"column":12},"end":{"line":191,"column":102}}]}},"s":{"0":1,"1":1,"2":1,"3":1,"4":1,"5":1,"6":43,"7":43,"8":43,"9":43,"10":43,"11":43,"12":20,"13":20,"14":22,"15":22,"16":9,"17":10,"18":9,"19":10,"20":9,"21":9,"22":9,"23":0,"24":29,"25":29,"26":27,"27":29,"28":29,"29":0,"30":0,"31":33,"32":33,"33":31,"34":33,"35":33,"36":0,"37":0,"38":12,"39":12,"40":15,"41":12,"42":12,"43":0,"44":0,"45":50,"46":50,"47":0,"48":0,"49":0,"50":0,"51":0,"52":50,"53":50,"54":0,"55":0,"56":0,"57":0,"58":0,"59":47,"60":47,"61":0,"62":0,"63":0,"64":0,"65":0,"66":0,"67":0,"68":0,"69":0,"70":0,"71":0,"72":0,"73":0,"74":3,"75":3,"76":3,"77":3,"78":3,"79":3,"80":3,"81":3,"82":3,"83":3,"84":3,"85":6,"86":6,"87":6,"88":6,"89":4,"90":6,"91":1,"92":6,"93":1,"94":6,"95":8,"96":8,"97":8,"98":8,"99":4,"100":8,"101":1,"102":8,"103":1,"104":8,"105":1,"106":8,"107":1,"108":8,"109":9,"110":9,"111":7,"112":1,"113":3,"114":0,"115":0,"116":1},"f":{"0":43,"1":20,"2":22,"3":9,"4":10,"5":10,"6":29,"7":27,"8":33,"9":31,"10":12,"11":15,"12":50,"13":0,"14":0,"15":50,"16":0,"17":0,"18":47,"19":0,"20":0,"21":0,"22":0,"23":0,"24":3,"25":3,"26":3,"27":3,"28":3,"29":3,"30":6,"31":6,"32":8,"33":8,"34":9,"35":9,"36":7,"37":1,"38":3,"39":0,"40":0},"b":{"0":[9,0],"1":[9,9],"2":[3,12],"3":[15,15],"4":[12,3],"5":[15,3],"6":[0],"7":[0],"8":[0],"9":[0,0],"10":[0,0],"11":[0,0],"12":[3,3],"13":[3],"14":[6],"15":[4],"16":[1],"17":[1],"18":[8],"19":[4],"20":[1],"21":[1],"22":[1],"23":[1]}}
,"C:\\Users\\migue\\Desktop\\ads\\2 SEMESTRE\\programação orientada objetos\\trabalho final\\biblioteca\\src\\classes\\Emprestimo.ts": {"path":"C:\\Users\\migue\\Desktop\\ads\\2 SEMESTRE\\programação orientada objetos\\trabalho final\\biblioteca\\src\\classes\\Emprestimo.ts","statementMap":{"0":{"start":{"line":20,"column":4},"end":{"line":20,"column":41}},"1":{"start":{"line":21,"column":4},"end":{"line":21,"column":39}},"2":{"start":{"line":22,"column":4},"end":{"line":22,"column":23}},"3":{"start":{"line":23,"column":4},"end":{"line":23,"column":25}},"4":{"start":{"line":24,"column":4},"end":{"line":24,"column":37}},"5":{"start":{"line":25,"column":4},"end":{"line":25,"column":49}},"6":{"start":{"line":30,"column":4},"end":{"line":30,"column":31}},"7":{"start":{"line":34,"column":4},"end":{"line":34,"column":30}},"8":{"start":{"line":38,"column":4},"end":{"line":38,"column":22}},"9":{"start":{"line":42,"column":4},"end":{"line":42,"column":23}},"10":{"start":{"line":46,"column":4},"end":{"line":46,"column":26}},"11":{"start":{"line":50,"column":4},"end":{"line":50,"column":32}},"12":{"start":{"line":55,"column":4},"end":{"line":55,"column":39}},"13":{"start":{"line":59,"column":4},"end":{"line":59,"column":41}},"14":{"start":{"line":4,"column":0},"end":{"line":4,"column":13}}},"fnMap":{"0":{"name":"(anonymous_0)","decl":{"start":{"line":13,"column":4},"end":{"line":13,"column":null}},"loc":{"start":{"line":17,"column":20},"end":{"line":26,"column":3}}},"1":{"name":"(anonymous_1)","decl":{"start":{"line":29,"column":9},"end":{"line":29,"column":26}},"loc":{"start":{"line":29,"column":26},"end":{"line":31,"column":3}}},"2":{"name":"(anonymous_2)","decl":{"start":{"line":33,"column":9},"end":{"line":33,"column":25}},"loc":{"start":{"line":33,"column":25},"end":{"line":35,"column":3}}},"3":{"name":"(anonymous_3)","decl":{"start":{"line":37,"column":9},"end":{"line":37,"column":17}},"loc":{"start":{"line":37,"column":17},"end":{"line":39,"column":3}}},"4":{"name":"(anonymous_4)","decl":{"start":{"line":41,"column":9},"end":{"line":41,"column":18}},"loc":{"start":{"line":41,"column":18},"end":{"line":43,"column":3}}},"5":{"name":"(anonymous_5)","decl":{"start":{"line":45,"column":9},"end":{"line":45,"column":21}},"loc":{"start":{"line":45,"column":21},"end":{"line":47,"column":3}}},"6":{"name":"(anonymous_6)","decl":{"start":{"line":49,"column":9},"end":{"line":49,"column":27}},"loc":{"start":{"line":49,"column":27},"end":{"line":51,"column":3}}},"7":{"name":"(anonymous_7)","decl":{"start":{"line":54,"column":9},"end":{"line":54,"column":25}},"loc":{"start":{"line":54,"column":52},"end":{"line":56,"column":3}}},"8":{"name":"(anonymous_8)","decl":{"start":{"line":58,"column":9},"end":{"line":58,"column":26}},"loc":{"start":{"line":58,"column":47},"end":{"line":60,"column":3}}}},"branchMap":{},"s":{"0":13,"1":13,"2":13,"3":13,"4":13,"5":13,"6":15,"7":18,"8":18,"9":21,"10":10,"11":10,"12":3,"13":0,"14":1},"f":{"0":13,"1":15,"2":18,"3":18,"4":21,"5":10,"6":10,"7":3,"8":0},"b":{}}
,"C:\\Users\\migue\\Desktop\\ads\\2 SEMESTRE\\programação orientada objetos\\trabalho final\\biblioteca\\src\\classes\\Livro.ts": {"path":"C:\\Users\\migue\\Desktop\\ads\\2 SEMESTRE\\programação orientada objetos\\trabalho final\\biblioteca\\src\\classes\\Livro.ts","statementMap":{"0":{"start":{"line":26,"column":6},"end":{"line":26,"column":23}},"1":{"start":{"line":27,"column":6},"end":{"line":27,"column":27}},"2":{"start":{"line":28,"column":6},"end":{"line":28,"column":25}},"3":{"start":{"line":29,"column":6},"end":{"line":29,"column":29}},"4":{"start":{"line":30,"column":6},"end":{"line":30,"column":21}},"5":{"start":{"line":31,"column":6},"end":{"line":31,"column":27}},"6":{"start":{"line":35,"column":6},"end":{"line":35,"column":23}},"7":{"start":{"line":39,"column":6},"end":{"line":39,"column":27}},"8":{"start":{"line":43,"column":6},"end":{"line":43,"column":25}},"9":{"start":{"line":47,"column":6},"end":{"line":47,"column":29}},"10":{"start":{"line":51,"column":6},"end":{"line":51,"column":21}},"11":{"start":{"line":55,"column":6},"end":{"line":55,"column":27}},"12":{"start":{"line":59,"column":6},"end":{"line":59,"column":23}},"13":{"start":{"line":63,"column":6},"end":{"line":63,"column":25}},"14":{"start":{"line":67,"column":6},"end":{"line":67,"column":24}},"15":{"start":{"line":71,"column":6},"end":{"line":71,"column":26}},"16":{"start":{"line":75,"column":6},"end":{"line":75,"column":22}},"17":{"start":{"line":79,"column":6},"end":{"line":79,"column":25}},"18":{"start":{"line":10,"column":0},"end":{"line":10,"column":13}}},"fnMap":{"0":{"name":"(anonymous_0)","decl":{"start":{"line":18,"column":2},"end":{"line":18,"column":null}},"loc":{"start":{"line":24,"column":20},"end":{"line":32,"column":3}}},"1":{"name":"(anonymous_1)","decl":{"start":{"line":34,"column":2},"end":{"line":34,"column":9}},"loc":{"start":{"line":34,"column":22},"end":{"line":36,"column":3}}},"2":{"name":"(anonymous_2)","decl":{"start":{"line":38,"column":2},"end":{"line":38,"column":11}},"loc":{"start":{"line":38,"column":26},"end":{"line":40,"column":3}}},"3":{"name":"(anonymous_3)","decl":{"start":{"line":42,"column":2},"end":{"line":42,"column":10}},"loc":{"start":{"line":42,"column":24},"end":{"line":44,"column":3}}},"4":{"name":"(anonymous_4)","decl":{"start":{"line":46,"column":2},"end":{"line":46,"column":12}},"loc":{"start":{"line":46,"column":28},"end":{"line":48,"column":3}}},"5":{"name":"(anonymous_5)","decl":{"start":{"line":50,"column":2},"end":{"line":50,"column":8}},"loc":{"start":{"line":50,"column":20},"end":{"line":52,"column":3}}},"6":{"name":"(anonymous_6)","decl":{"start":{"line":54,"column":2},"end":{"line":54,"column":11}},"loc":{"start":{"line":54,"column":26},"end":{"line":56,"column":3}}},"7":{"name":"(anonymous_7)","decl":{"start":{"line":58,"column":2},"end":{"line":58,"column":9}},"loc":{"start":{"line":58,"column":9},"end":{"line":60,"column":3}}},"8":{"name":"(anonymous_8)","decl":{"start":{"line":62,"column":2},"end":{"line":62,"column":11}},"loc":{"start":{"line":62,"column":11},"end":{"line":64,"column":3}}},"9":{"name":"(anonymous_9)","decl":{"start":{"line":66,"column":2},"end":{"line":66,"column":10}},"loc":{"start":{"line":66,"column":10},"end":{"line":68,"column":3}}},"10":{"name":"(anonymous_10)","decl":{"start":{"line":70,"column":2},"end":{"line":70,"column":12}},"loc":{"start":{"line":70,"column":12},"end":{"line":72,"column":3}}},"11":{"name":"(anonymous_11)","decl":{"start":{"line":74,"column":2},"end":{"line":74,"column":8}},"loc":{"start":{"line":74,"column":8},"end":{"line":76,"column":3}}},"12":{"name":"(anonymous_12)","decl":{"start":{"line":78,"column":2},"end":{"line":78,"column":11}},"loc":{"start":{"line":78,"column":11},"end":{"line":80,"column":3}}}},"branchMap":{},"s":{"0":29,"1":29,"2":29,"3":29,"4":29,"5":29,"6":0,"7":4,"8":1,"9":1,"10":1,"11":1,"12":83,"13":35,"14":32,"15":32,"16":32,"17":32,"18":1},"f":{"0":29,"1":0,"2":4,"3":1,"4":1,"5":1,"6":1,"7":83,"8":35,"9":32,"10":32,"11":32,"12":32},"b":{}}
,"C:\\Users\\migue\\Desktop\\ads\\2 SEMESTRE\\programação orientada objetos\\trabalho final\\biblioteca\\src\\classes\\Membro.ts": {"path":"C:\\Users\\migue\\Desktop\\ads\\2 SEMESTRE\\programação orientada objetos\\trabalho final\\biblioteca\\src\\classes\\Membro.ts","statementMap":{"0":{"start":{"line":1,"column":0},"end":{"line":1,"column":34}},"1":{"start":{"line":7,"column":8},"end":{"line":7,"column":40}},"2":{"start":{"line":8,"column":8},"end":{"line":8,"column":35}},"3":{"start":{"line":12,"column":8},"end":{"line":12,"column":39}},"4":{"start":{"line":16,"column":8},"end":{"line":16,"column":30}},"5":{"start":{"line":3,"column":0},"end":{"line":3,"column":13}}},"fnMap":{"0":{"name":"(anonymous_0)","decl":{"start":{"line":6,"column":4},"end":{"line":6,"column":16}},"loc":{"start":{"line":6,"column":83},"end":{"line":9,"column":5}}},"1":{"name":"(anonymous_1)","decl":{"start":{"line":11,"column":11},"end":{"line":11,"column":23}},"loc":{"start":{"line":11,"column":45},"end":{"line":13,"column":5}}},"2":{"name":"(anonymous_2)","decl":{"start":{"line":15,"column":11},"end":{"line":15,"column":23}},"loc":{"start":{"line":15,"column":23},"end":{"line":17,"column":5}}}},"branchMap":{},"s":{"0":1,"1":27,"2":27,"3":0,"4":80,"5":1},"f":{"0":27,"1":0,"2":80},"b":{}}
,"C:\\Users\\migue\\Desktop\\ads\\2 SEMESTRE\\programação orientada objetos\\trabalho final\\biblioteca\\src\\classes\\Pessoa.ts": {"path":"C:\\Users\\migue\\Desktop\\ads\\2 SEMESTRE\\programação orientada objetos\\trabalho final\\biblioteca\\src\\classes\\Pessoa.ts","statementMap":{"0":{"start":{"line":7,"column":8},"end":{"line":7,"column":25}},"1":{"start":{"line":8,"column":8},"end":{"line":8,"column":33}},"2":{"start":{"line":9,"column":8},"end":{"line":9,"column":33}},"3":{"start":{"line":13,"column":8},"end":{"line":13,"column":25}},"4":{"start":{"line":17,"column":8},"end":{"line":17,"column":33}},"5":{"start":{"line":21,"column":8},"end":{"line":21,"column":33}},"6":{"start":{"line":25,"column":8},"end":{"line":25,"column":25}},"7":{"start":{"line":29,"column":8},"end":{"line":29,"column":29}},"8":{"start":{"line":33,"column":8},"end":{"line":33,"column":29}},"9":{"start":{"line":1,"column":0},"end":{"line":1,"column":13}}},"fnMap":{"0":{"name":"(anonymous_0)","decl":{"start":{"line":6,"column":4},"end":{"line":6,"column":16}},"loc":{"start":{"line":6,"column":64},"end":{"line":10,"column":5}}},"1":{"name":"(anonymous_1)","decl":{"start":{"line":12,"column":4},"end":{"line":12,"column":11}},"loc":{"start":{"line":12,"column":24},"end":{"line":14,"column":5}}},"2":{"name":"(anonymous_2)","decl":{"start":{"line":16,"column":4},"end":{"line":16,"column":15}},"loc":{"start":{"line":16,"column":32},"end":{"line":18,"column":5}}},"3":{"name":"(anonymous_3)","decl":{"start":{"line":20,"column":4},"end":{"line":20,"column":15}},"loc":{"start":{"line":20,"column":32},"end":{"line":22,"column":5}}},"4":{"name":"(anonymous_4)","decl":{"start":{"line":24,"column":4},"end":{"line":24,"column":11}},"loc":{"start":{"line":24,"column":11},"end":{"line":26,"column":5}}},"5":{"name":"(anonymous_5)","decl":{"start":{"line":28,"column":4},"end":{"line":28,"column":15}},"loc":{"start":{"line":28,"column":15},"end":{"line":30,"column":5}}},"6":{"name":"(anonymous_6)","decl":{"start":{"line":32,"column":4},"end":{"line":32,"column":15}},"loc":{"start":{"line":32,"column":15},"end":{"line":34,"column":5}}}},"branchMap":{},"s":{"0":27,"1":27,"2":27,"3":4,"4":1,"5":1,"6":31,"7":28,"8":28,"9":1},"f":{"0":27,"1":4,"2":1,"3":1,"4":31,"5":28,"6":28},"b":{}}
}
