{"C:\\Users\\migue\\Desktop\\ads\\2 SEMESTRE\\programação orientada objetos\\trabalho final\\biblioteca\\src\\classes\\Biblioteca.ts": {"path":"C:\\Users\\migue\\Desktop\\ads\\2 SEMESTRE\\programação orientada objetos\\trabalho final\\biblioteca\\src\\classes\\Biblioteca.ts","statementMap":{"0":{"start":{"line":1,"column":0},"end":{"line":1,"column":51}},"1":{"start":{"line":2,"column":0},"end":{"line":2,"column":34}},"2":{"start":{"line":3,"column":0},"end":{"line":3,"column":32}},"3":{"start":{"line":4,"column":0},"end":{"line":4,"column":42}},"4":{"start":{"line":5,"column":0},"end":{"line":5,"column":20}},"5":{"start":{"line":6,"column":0},"end":{"line":6,"column":24}},"6":{"start":{"line":10,"column":4},"end":{"line":10,"column":47}},"7":{"start":{"line":13,"column":10},"end":{"line":13,"column":33}},"8":{"start":{"line":14,"column":10},"end":{"line":14,"column":31}},"9":{"start":{"line":15,"column":10},"end":{"line":15,"column":41}},"10":{"start":{"line":17,"column":4},"end":{"line":17,"column":27}},"11":{"start":{"line":18,"column":4},"end":{"line":18,"column":26}},"12":{"start":{"line":19,"column":4},"end":{"line":19,"column":31}},"13":{"start":{"line":23,"column":4},"end":{"line":23,"column":30}},"14":{"start":{"line":24,"column":4},"end":{"line":24,"column":25}},"15":{"start":{"line":27,"column":4},"end":{"line":27,"column":28}},"16":{"start":{"line":28,"column":4},"end":{"line":28,"column":24}},"17":{"start":{"line":32,"column":18},"end":{"line":33,"column":null}},"18":{"start":{"line":33,"column":13},"end":{"line":33,"column":54}},"19":{"start":{"line":35,"column":19},"end":{"line":36,"column":null}},"20":{"start":{"line":36,"column":13},"end":{"line":36,"column":65}},"21":{"start":{"line":38,"column":4},"end":{"line":45,"column":5}},"22":{"start":{"line":39,"column":6},"end":{"line":39,"column":40}},"23":{"start":{"line":40,"column":6},"end":{"line":40,"column":31}},"24":{"start":{"line":42,"column":6},"end":{"line":44,"column":90}},"25":{"start":{"line":49,"column":22},"end":{"line":57,"column":6}},"26":{"start":{"line":58,"column":22},"end":{"line":63,"column":7}},"27":{"start":{"line":58,"column":47},"end":{"line":63,"column":6}},"28":{"start":{"line":64,"column":4},"end":{"line":69,"column":5}},"29":{"start":{"line":65,"column":6},"end":{"line":65,"column":46}},"30":{"start":{"line":66,"column":6},"end":{"line":66,"column":49}},"31":{"start":{"line":68,"column":6},"end":{"line":68,"column":50}},"32":{"start":{"line":73,"column":22},"end":{"line":83,"column":6}},"33":{"start":{"line":84,"column":22},"end":{"line":91,"column":7}},"34":{"start":{"line":84,"column":46},"end":{"line":91,"column":6}},"35":{"start":{"line":92,"column":4},"end":{"line":97,"column":5}},"36":{"start":{"line":93,"column":6},"end":{"line":93,"column":46}},"37":{"start":{"line":94,"column":6},"end":{"line":94,"column":48}},"38":{"start":{"line":96,"column":6},"end":{"line":96,"column":49}},"39":{"start":{"line":101,"column":22},"end":{"line":109,"column":6}},"40":{"start":{"line":110,"column":22},"end":{"line":115,"column":7}},"41":{"start":{"line":110,"column":50},"end":{"line":115,"column":7}},"42":{"start":{"line":116,"column":4},"end":{"line":121,"column":5}},"43":{"start":{"line":117,"column":6},"end":{"line":117,"column":46}},"44":{"start":{"line":118,"column":6},"end":{"line":118,"column":53}},"45":{"start":{"line":120,"column":6},"end":{"line":120,"column":54}},"46":{"start":{"line":125,"column":20},"end":{"line":125,"column":53}},"47":{"start":{"line":126,"column":4},"end":{"line":134,"column":5}},"48":{"start":{"line":127,"column":20},"end":{"line":127,"column":74}},"49":{"start":{"line":128,"column":6},"end":{"line":133,"column":9}},"50":{"start":{"line":129,"column":54},"end":{"line":131,"column":39}},"51":{"start":{"line":131,"column":26},"end":{"line":131,"column":38}},"52":{"start":{"line":132,"column":8},"end":{"line":132,"column":63}},"53":{"start":{"line":138,"column":20},"end":{"line":138,"column":52}},"54":{"start":{"line":139,"column":4},"end":{"line":147,"column":5}},"55":{"start":{"line":140,"column":20},"end":{"line":140,"column":74}},"56":{"start":{"line":141,"column":6},"end":{"line":146,"column":9}},"57":{"start":{"line":142,"column":60},"end":{"line":144,"column":39}},"58":{"start":{"line":144,"column":26},"end":{"line":144,"column":38}},"59":{"start":{"line":145,"column":8},"end":{"line":145,"column":68}},"60":{"start":{"line":151,"column":20},"end":{"line":151,"column":57}},"61":{"start":{"line":152,"column":4},"end":{"line":178,"column":5}},"62":{"start":{"line":153,"column":20},"end":{"line":153,"column":74}},"63":{"start":{"line":154,"column":6},"end":{"line":177,"column":51}},"64":{"start":{"line":155,"column":67},"end":{"line":155,"column":113}},"65":{"start":{"line":155,"column":100},"end":{"line":155,"column":112}},"66":{"start":{"line":156,"column":10},"end":{"line":159,"column":11}},"67":{"start":{"line":157,"column":12},"end":{"line":157,"column":91}},"68":{"start":{"line":158,"column":12},"end":{"line":158,"column":24}},"69":{"start":{"line":161,"column":24},"end":{"line":161,"column":69}},"70":{"start":{"line":161,"column":48},"end":{"line":161,"column":68}},"71":{"start":{"line":162,"column":25},"end":{"line":163,"column":null}},"72":{"start":{"line":163,"column":19},"end":{"line":163,"column":49}},"73":{"start":{"line":165,"column":10},"end":{"line":175,"column":11}},"74":{"start":{"line":166,"column":12},"end":{"line":171,"column":14}},"75":{"start":{"line":173,"column":12},"end":{"line":173,"column":131}},"76":{"start":{"line":174,"column":12},"end":{"line":174,"column":24}},"77":{"start":{"line":177,"column":23},"end":{"line":177,"column":33}},"78":{"start":{"line":182,"column":4},"end":{"line":182,"column":78}},"79":{"start":{"line":182,"column":46},"end":{"line":182,"column":76}},"80":{"start":{"line":183,"column":4},"end":{"line":183,"column":25}},"81":{"start":{"line":187,"column":4},"end":{"line":187,"column":66}},"82":{"start":{"line":187,"column":44},"end":{"line":187,"column":64}},"83":{"start":{"line":188,"column":4},"end":{"line":188,"column":24}},"84":{"start":{"line":192,"column":23},"end":{"line":195,"column":null}},"85":{"start":{"line":194,"column":8},"end":{"line":195,"column":50}},"86":{"start":{"line":197,"column":4},"end":{"line":200,"column":5}},"87":{"start":{"line":198,"column":6},"end":{"line":198,"column":49}},"88":{"start":{"line":199,"column":6},"end":{"line":199,"column":31}},"89":{"start":{"line":211,"column":19},"end":{"line":211,"column":75}},"90":{"start":{"line":211,"column":44},"end":{"line":211,"column":74}},"91":{"start":{"line":212,"column":4},"end":{"line":217,"column":5}},"92":{"start":{"line":213,"column":6},"end":{"line":213,"column":59}},"93":{"start":{"line":213,"column":27},"end":{"line":213,"column":59}},"94":{"start":{"line":214,"column":6},"end":{"line":214,"column":71}},"95":{"start":{"line":214,"column":31},"end":{"line":214,"column":71}},"96":{"start":{"line":215,"column":6},"end":{"line":215,"column":71}},"97":{"start":{"line":215,"column":31},"end":{"line":215,"column":71}},"98":{"start":{"line":216,"column":6},"end":{"line":216,"column":27}},"99":{"start":{"line":221,"column":18},"end":{"line":221,"column":63}},"100":{"start":{"line":221,"column":42},"end":{"line":221,"column":62}},"101":{"start":{"line":222,"column":4},"end":{"line":234,"column":5}},"102":{"start":{"line":223,"column":6},"end":{"line":224,"column":52}},"103":{"start":{"line":224,"column":8},"end":{"line":224,"column":52}},"104":{"start":{"line":225,"column":6},"end":{"line":226,"column":50}},"105":{"start":{"line":226,"column":8},"end":{"line":226,"column":50}},"106":{"start":{"line":227,"column":6},"end":{"line":228,"column":54}},"107":{"start":{"line":228,"column":8},"end":{"line":228,"column":54}},"108":{"start":{"line":229,"column":6},"end":{"line":230,"column":46}},"109":{"start":{"line":230,"column":8},"end":{"line":230,"column":46}},"110":{"start":{"line":231,"column":6},"end":{"line":232,"column":52}},"111":{"start":{"line":232,"column":8},"end":{"line":232,"column":52}},"112":{"start":{"line":233,"column":6},"end":{"line":233,"column":26}},"113":{"start":{"line":238,"column":4},"end":{"line":238,"column":24}},"114":{"start":{"line":242,"column":4},"end":{"line":242,"column":23}},"115":{"start":{"line":246,"column":4},"end":{"line":246,"column":28}},"116":{"start":{"line":8,"column":0},"end":{"line":8,"column":13}}},"fnMap":{"0":{"name":"(anonymous_8)","decl":{"start":{"line":9,"column":2},"end":{"line":9,"column":11}},"loc":{"start":{"line":9,"column":11},"end":{"line":11,"column":3}}},"1":{"name":"(anonymous_9)","decl":{"start":{"line":16,"column":2},"end":{"line":16,"column":null}},"loc":{"start":{"line":16,"column":2},"end":{"line":20,"column":3}}},"2":{"name":"(anonymous_10)","decl":{"start":{"line":22,"column":2},"end":{"line":22,"column":17}},"loc":{"start":{"line":22,"column":32},"end":{"line":25,"column":3}}},"3":{"name":"(anonymous_11)","decl":{"start":{"line":26,"column":2},"end":{"line":26,"column":16}},"loc":{"start":{"line":26,"column":29},"end":{"line":29,"column":3}}},"4":{"name":"(anonymous_12)","decl":{"start":{"line":31,"column":9},"end":{"line":31,"column":28}},"loc":{"start":{"line":31,"column":51},"end":{"line":46,"column":3}}},"5":{"name":"(anonymous_13)","decl":{"start":{"line":33,"column":6},"end":{"line":33,"column":7}},"loc":{"start":{"line":33,"column":13},"end":{"line":33,"column":54}}},"6":{"name":"(anonymous_14)","decl":{"start":{"line":36,"column":6},"end":{"line":36,"column":7}},"loc":{"start":{"line":36,"column":13},"end":{"line":36,"column":65}}},"7":{"name":"(anonymous_15)","decl":{"start":{"line":48,"column":8},"end":{"line":48,"column":21}},"loc":{"start":{"line":48,"column":21},"end":{"line":70,"column":null}}},"8":{"name":"(anonymous_17)","decl":{"start":{"line":58,"column":39},"end":{"line":58,"column":40}},"loc":{"start":{"line":58,"column":47},"end":{"line":63,"column":6}}},"9":{"name":"(anonymous_18)","decl":{"start":{"line":72,"column":8},"end":{"line":72,"column":20}},"loc":{"start":{"line":72,"column":20},"end":{"line":98,"column":null}}},"10":{"name":"(anonymous_20)","decl":{"start":{"line":84,"column":38},"end":{"line":84,"column":39}},"loc":{"start":{"line":84,"column":46},"end":{"line":91,"column":6}}},"11":{"name":"(anonymous_21)","decl":{"start":{"line":100,"column":8},"end":{"line":100,"column":25}},"loc":{"start":{"line":100,"column":25},"end":{"line":122,"column":null}}},"12":{"name":"(anonymous_23)","decl":{"start":{"line":110,"column":43},"end":{"line":110,"column":44}},"loc":{"start":{"line":110,"column":49},"end":{"line":115,"column":7}}},"13":{"name":"(anonymous_24)","decl":{"start":{"line":124,"column":2},"end":{"line":124,"column":17}},"loc":{"start":{"line":124,"column":17},"end":{"line":135,"column":3}}},"14":{"name":"(anonymous_25)","decl":{"start":{"line":128,"column":31},"end":{"line":128,"column":32}},"loc":{"start":{"line":128,"column":41},"end":{"line":133,"column":7}}},"15":{"name":"(anonymous_26)","decl":{"start":{"line":131,"column":15},"end":{"line":131,"column":16}},"loc":{"start":{"line":131,"column":26},"end":{"line":131,"column":38}}},"16":{"name":"(anonymous_27)","decl":{"start":{"line":137,"column":2},"end":{"line":137,"column":16}},"loc":{"start":{"line":137,"column":16},"end":{"line":148,"column":3}}},"17":{"name":"(anonymous_28)","decl":{"start":{"line":141,"column":30},"end":{"line":141,"column":31}},"loc":{"start":{"line":141,"column":40},"end":{"line":146,"column":7}}},"18":{"name":"(anonymous_29)","decl":{"start":{"line":144,"column":15},"end":{"line":144,"column":16}},"loc":{"start":{"line":144,"column":26},"end":{"line":144,"column":38}}},"19":{"name":"(anonymous_30)","decl":{"start":{"line":150,"column":2},"end":{"line":150,"column":21}},"loc":{"start":{"line":150,"column":21},"end":{"line":179,"column":3}}},"20":{"name":"(anonymous_31)","decl":{"start":{"line":154,"column":35},"end":{"line":154,"column":36}},"loc":{"start":{"line":154,"column":45},"end":{"line":176,"column":9}}},"21":{"name":"(anonymous_32)","decl":{"start":{"line":155,"column":89},"end":{"line":155,"column":90}},"loc":{"start":{"line":155,"column":100},"end":{"line":155,"column":112}}},"22":{"name":"(anonymous_33)","decl":{"start":{"line":161,"column":41},"end":{"line":161,"column":42}},"loc":{"start":{"line":161,"column":48},"end":{"line":161,"column":68}}},"23":{"name":"(anonymous_34)","decl":{"start":{"line":163,"column":12},"end":{"line":163,"column":13}},"loc":{"start":{"line":163,"column":19},"end":{"line":163,"column":49}}},"24":{"name":"(anonymous_35)","decl":{"start":{"line":177,"column":16},"end":{"line":177,"column":17}},"loc":{"start":{"line":177,"column":23},"end":{"line":177,"column":33}}},"25":{"name":"(anonymous_36)","decl":{"start":{"line":181,"column":2},"end":{"line":181,"column":15}},"loc":{"start":{"line":181,"column":33},"end":{"line":184,"column":3}}},"26":{"name":"(anonymous_37)","decl":{"start":{"line":182,"column":39},"end":{"line":182,"column":40}},"loc":{"start":{"line":182,"column":46},"end":{"line":182,"column":76}}},"27":{"name":"(anonymous_38)","decl":{"start":{"line":186,"column":2},"end":{"line":186,"column":14}},"loc":{"start":{"line":186,"column":27},"end":{"line":189,"column":3}}},"28":{"name":"(anonymous_39)","decl":{"start":{"line":187,"column":37},"end":{"line":187,"column":38}},"loc":{"start":{"line":187,"column":44},"end":{"line":187,"column":64}}},"29":{"name":"(anonymous_40)","decl":{"start":{"line":191,"column":2},"end":{"line":191,"column":15}},"loc":{"start":{"line":191,"column":68},"end":{"line":201,"column":3}}},"30":{"name":"(anonymous_41)","decl":{"start":{"line":193,"column":6},"end":{"line":193,"column":7}},"loc":{"start":{"line":194,"column":8},"end":{"line":195,"column":50}}},"31":{"name":"(anonymous_42)","decl":{"start":{"line":203,"column":9},"end":{"line":203,"column":22}},"loc":{"start":{"line":209,"column":6},"end":{"line":218,"column":3}}},"32":{"name":"(anonymous_43)","decl":{"start":{"line":211,"column":37},"end":{"line":211,"column":38}},"loc":{"start":{"line":211,"column":44},"end":{"line":211,"column":74}}},"33":{"name":"(anonymous_44)","decl":{"start":{"line":220,"column":9},"end":{"line":220,"column":21}},"loc":{"start":{"line":220,"column":62},"end":{"line":235,"column":3}}},"34":{"name":"(anonymous_45)","decl":{"start":{"line":221,"column":35},"end":{"line":221,"column":36}},"loc":{"start":{"line":221,"column":42},"end":{"line":221,"column":62}}},"35":{"name":"(anonymous_46)","decl":{"start":{"line":237,"column":2},"end":{"line":237,"column":18}},"loc":{"start":{"line":237,"column":18},"end":{"line":239,"column":5}}},"36":{"name":"(anonymous_47)","decl":{"start":{"line":241,"column":2},"end":{"line":241,"column":17}},"loc":{"start":{"line":241,"column":17},"end":{"line":243,"column":3}}},"37":{"name":"(anonymous_48)","decl":{"start":{"line":245,"column":2},"end":{"line":245,"column":22}},"loc":{"start":{"line":245,"column":22},"end":{"line":247,"column":1}}}},"branchMap":{"0":{"loc":{"start":{"line":38,"column":4},"end":{"line":45,"column":5}},"type":"if","locations":[{"start":{"line":38,"column":4},"end":{"line":45,"column":5}},{"start":{"line":41,"column":11},"end":{"line":45,"column":5}}]},"1":{"loc":{"start":{"line":38,"column":8},"end":{"line":38,"column":23}},"type":"binary-expr","locations":[{"start":{"line":38,"column":8},"end":{"line":38,"column":13}},{"start":{"line":38,"column":17},"end":{"line":38,"column":23}}]},"2":{"loc":{"start":{"line":114,"column":21},"end":{"line":114,"column":62}},"type":"binary-expr","locations":[{"start":{"line":114,"column":21},"end":{"line":114,"column":56}},{"start":{"line":114,"column":60},"end":{"line":114,"column":62}}]},"3":{"loc":{"start":{"line":114,"column":21},"end":{"line":114,"column":56}},"type":"cond-expr","locations":[{"start":{"line":114,"column":41},"end":{"line":114,"column":43}},{"start":{"line":114,"column":41},"end":{"line":114,"column":56}}]},"4":{"loc":{"start":{"line":114,"column":21},"end":{"line":114,"column":43}},"type":"binary-expr","locations":[{"start":{"line":114,"column":21},"end":{"line":114,"column":43}},{"start":{"line":114,"column":41},"end":{"line":114,"column":43}}]},"5":{"loc":{"start":{"line":126,"column":4},"end":{"line":134,"column":5}},"type":"if","locations":[{"start":{"line":126,"column":4},"end":{"line":134,"column":5}}]},"6":{"loc":{"start":{"line":139,"column":4},"end":{"line":147,"column":5}},"type":"if","locations":[{"start":{"line":139,"column":4},"end":{"line":147,"column":5}}]},"7":{"loc":{"start":{"line":152,"column":4},"end":{"line":178,"column":5}},"type":"if","locations":[{"start":{"line":152,"column":4},"end":{"line":178,"column":5}}]},"8":{"loc":{"start":{"line":156,"column":10},"end":{"line":159,"column":11}},"type":"if","locations":[{"start":{"line":156,"column":10},"end":{"line":159,"column":11}}]},"9":{"loc":{"start":{"line":156,"column":14},"end":{"line":156,"column":33}},"type":"binary-expr","locations":[{"start":{"line":156,"column":14},"end":{"line":156,"column":19}},{"start":{"line":156,"column":23},"end":{"line":156,"column":33}}]},"10":{"loc":{"start":{"line":165,"column":10},"end":{"line":175,"column":11}},"type":"if","locations":[{"start":{"line":165,"column":10},"end":{"line":175,"column":11}},{"start":{"line":172,"column":17},"end":{"line":175,"column":11}}]},"11":{"loc":{"start":{"line":165,"column":14},"end":{"line":165,"column":29}},"type":"binary-expr","locations":[{"start":{"line":165,"column":14},"end":{"line":165,"column":19}},{"start":{"line":165,"column":23},"end":{"line":165,"column":29}}]},"12":{"loc":{"start":{"line":168,"column":14},"end":{"line":168,"column":60}},"type":"cond-expr","locations":[{"start":{"line":168,"column":30},"end":{"line":168,"column":53}},{"start":{"line":168,"column":56},"end":{"line":168,"column":60}}]},"13":{"loc":{"start":{"line":194,"column":8},"end":{"line":195,"column":50}},"type":"binary-expr","locations":[{"start":{"line":194,"column":8},"end":{"line":194,"column":39}},{"start":{"line":195,"column":8},"end":{"line":195,"column":50}}]},"14":{"loc":{"start":{"line":197,"column":4},"end":{"line":200,"column":5}},"type":"if","locations":[{"start":{"line":197,"column":4},"end":{"line":200,"column":5}}]},"15":{"loc":{"start":{"line":212,"column":4},"end":{"line":217,"column":5}},"type":"if","locations":[{"start":{"line":212,"column":4},"end":{"line":217,"column":5}}]},"16":{"loc":{"start":{"line":213,"column":6},"end":{"line":213,"column":59}},"type":"if","locations":[{"start":{"line":213,"column":6},"end":{"line":213,"column":59}}]},"17":{"loc":{"start":{"line":214,"column":6},"end":{"line":214,"column":71}},"type":"if","locations":[{"start":{"line":214,"column":6},"end":{"line":214,"column":71}}]},"18":{"loc":{"start":{"line":215,"column":6},"end":{"line":215,"column":71}},"type":"if","locations":[{"start":{"line":215,"column":6},"end":{"line":215,"column":71}}]},"19":{"loc":{"start":{"line":222,"column":4},"end":{"line":234,"column":5}},"type":"if","locations":[{"start":{"line":222,"column":4},"end":{"line":234,"column":5}}]},"20":{"loc":{"start":{"line":223,"column":6},"end":{"line":224,"column":52}},"type":"if","locations":[{"start":{"line":223,"column":6},"end":{"line":224,"column":52}}]},"21":{"loc":{"start":{"line":225,"column":6},"end":{"line":226,"column":50}},"type":"if","locations":[{"start":{"line":225,"column":6},"end":{"line":226,"column":50}}]},"22":{"loc":{"start":{"line":227,"column":6},"end":{"line":228,"column":54}},"type":"if","locations":[{"start":{"line":227,"column":6},"end":{"line":228,"column":54}}]},"23":{"loc":{"start":{"line":229,"column":6},"end":{"line":230,"column":46}},"type":"if","locations":[{"start":{"line":229,"column":6},"end":{"line":230,"column":46}}]},"24":{"loc":{"start":{"line":231,"column":6},"end":{"line":232,"column":52}},"type":"if","locations":[{"start":{"line":231,"column":6},"end":{"line":232,"column":52}}]}},"s":{"0":1,"1":1,"2":1,"3":1,"4":1,"5":1,"6":0,"7":10,"8":10,"9":10,"10":10,"11":10,"12":10,"13":8,"14":8,"15":8,"16":8,"17":3,"18":4,"19":3,"20":4,"21":3,"22":3,"23":3,"24":0,"25":10,"26":10,"27":36,"28":10,"29":10,"30":0,"31":0,"32":10,"33":10,"34":33,"35":10,"36":10,"37":0,"38":0,"39":3,"40":3,"41":4,"42":3,"43":3,"44":0,"45":0,"46":10,"47":10,"48":10,"49":10,"50":25,"51":97,"52":25,"53":10,"54":10,"55":10,"56":10,"57":44,"58":254,"59":44,"60":10,"61":10,"62":10,"63":10,"64":6,"65":15,"66":6,"67":3,"68":3,"69":3,"70":44,"71":3,"72":25,"73":3,"74":0,"75":3,"76":3,"77":6,"78":1,"79":1,"80":1,"81":1,"82":1,"83":1,"84":0,"85":0,"86":0,"87":0,"88":0,"89":1,"90":1,"91":1,"92":1,"93":1,"94":1,"95":1,"96":1,"97":1,"98":1,"99":1,"100":1,"101":1,"102":1,"103":1,"104":1,"105":1,"106":1,"107":1,"108":1,"109":1,"110":1,"111":1,"112":1,"113":4,"114":4,"115":2,"116":1},"f":{"0":0,"1":10,"2":8,"3":8,"4":3,"5":4,"6":4,"7":10,"8":36,"9":10,"10":33,"11":3,"12":4,"13":10,"14":25,"15":97,"16":10,"17":44,"18":254,"19":10,"20":6,"21":15,"22":44,"23":25,"24":6,"25":1,"26":1,"27":1,"28":1,"29":0,"30":0,"31":1,"32":1,"33":1,"34":1,"35":4,"36":4,"37":2},"b":{"0":[3,0],"1":[3,3],"2":[4,0],"3":[0,4],"4":[4,4],"5":[10],"6":[10],"7":[10],"8":[3],"9":[6,3],"10":[0,3],"11":[3,0],"12":[0,0],"13":[0,0],"14":[0],"15":[1],"16":[1],"17":[1],"18":[1],"19":[1],"20":[1],"21":[1],"22":[1],"23":[1],"24":[1]}}
,"C:\\Users\\migue\\Desktop\\ads\\2 SEMESTRE\\programação orientada objetos\\trabalho final\\biblioteca\\src\\classes\\Emprestimo.ts": {"path":"C:\\Users\\migue\\Desktop\\ads\\2 SEMESTRE\\programação orientada objetos\\trabalho final\\biblioteca\\src\\classes\\Emprestimo.ts","statementMap":{"0":{"start":{"line":17,"column":4},"end":{"line":17,"column":41}},"1":{"start":{"line":18,"column":4},"end":{"line":18,"column":39}},"2":{"start":{"line":19,"column":4},"end":{"line":19,"column":23}},"3":{"start":{"line":20,"column":4},"end":{"line":20,"column":25}},"4":{"start":{"line":21,"column":4},"end":{"line":21,"column":37}},"5":{"start":{"line":22,"column":4},"end":{"line":22,"column":49}},"6":{"start":{"line":25,"column":4},"end":{"line":25,"column":31}},"7":{"start":{"line":28,"column":4},"end":{"line":28,"column":30}},"8":{"start":{"line":31,"column":4},"end":{"line":31,"column":22}},"9":{"start":{"line":34,"column":4},"end":{"line":34,"column":23}},"10":{"start":{"line":37,"column":4},"end":{"line":37,"column":26}},"11":{"start":{"line":40,"column":4},"end":{"line":40,"column":32}},"12":{"start":{"line":43,"column":4},"end":{"line":43,"column":39}},"13":{"start":{"line":46,"column":4},"end":{"line":46,"column":41}},"14":{"start":{"line":4,"column":0},"end":{"line":4,"column":13}}},"fnMap":{"0":{"name":"(anonymous_0)","decl":{"start":{"line":11,"column":4},"end":{"line":11,"column":null}},"loc":{"start":{"line":15,"column":20},"end":{"line":23,"column":3}}},"1":{"name":"(anonymous_1)","decl":{"start":{"line":24,"column":9},"end":{"line":24,"column":26}},"loc":{"start":{"line":24,"column":26},"end":{"line":26,"column":3}}},"2":{"name":"(anonymous_2)","decl":{"start":{"line":27,"column":9},"end":{"line":27,"column":25}},"loc":{"start":{"line":27,"column":25},"end":{"line":29,"column":3}}},"3":{"name":"(anonymous_3)","decl":{"start":{"line":30,"column":9},"end":{"line":30,"column":17}},"loc":{"start":{"line":30,"column":17},"end":{"line":32,"column":3}}},"4":{"name":"(anonymous_4)","decl":{"start":{"line":33,"column":9},"end":{"line":33,"column":18}},"loc":{"start":{"line":33,"column":18},"end":{"line":35,"column":3}}},"5":{"name":"(anonymous_5)","decl":{"start":{"line":36,"column":9},"end":{"line":36,"column":21}},"loc":{"start":{"line":36,"column":21},"end":{"line":38,"column":3}}},"6":{"name":"(anonymous_6)","decl":{"start":{"line":39,"column":9},"end":{"line":39,"column":27}},"loc":{"start":{"line":39,"column":27},"end":{"line":41,"column":3}}},"7":{"name":"(anonymous_7)","decl":{"start":{"line":42,"column":9},"end":{"line":42,"column":25}},"loc":{"start":{"line":42,"column":52},"end":{"line":44,"column":3}}},"8":{"name":"(anonymous_8)","decl":{"start":{"line":45,"column":9},"end":{"line":45,"column":26}},"loc":{"start":{"line":45,"column":47},"end":{"line":47,"column":3}}}},"branchMap":{},"s":{"0":3,"1":3,"2":3,"3":3,"4":3,"5":3,"6":4,"7":4,"8":4,"9":4,"10":4,"11":4,"12":0,"13":0,"14":1},"f":{"0":3,"1":4,"2":4,"3":4,"4":4,"5":4,"6":4,"7":0,"8":0},"b":{}}
,"C:\\Users\\migue\\Desktop\\ads\\2 SEMESTRE\\programação orientada objetos\\trabalho final\\biblioteca\\src\\classes\\Livro.ts": {"path":"C:\\Users\\migue\\Desktop\\ads\\2 SEMESTRE\\programação orientada objetos\\trabalho final\\biblioteca\\src\\classes\\Livro.ts","statementMap":{"0":{"start":{"line":17,"column":8},"end":{"line":17,"column":25}},"1":{"start":{"line":18,"column":8},"end":{"line":18,"column":29}},"2":{"start":{"line":19,"column":8},"end":{"line":19,"column":27}},"3":{"start":{"line":20,"column":8},"end":{"line":20,"column":31}},"4":{"start":{"line":21,"column":8},"end":{"line":21,"column":23}},"5":{"start":{"line":22,"column":8},"end":{"line":22,"column":29}},"6":{"start":{"line":25,"column":8},"end":{"line":25,"column":25}},"7":{"start":{"line":28,"column":8},"end":{"line":28,"column":29}},"8":{"start":{"line":31,"column":8},"end":{"line":31,"column":27}},"9":{"start":{"line":34,"column":8},"end":{"line":34,"column":31}},"10":{"start":{"line":37,"column":8},"end":{"line":37,"column":23}},"11":{"start":{"line":40,"column":8},"end":{"line":40,"column":29}},"12":{"start":{"line":43,"column":8},"end":{"line":43,"column":25}},"13":{"start":{"line":46,"column":8},"end":{"line":46,"column":27}},"14":{"start":{"line":49,"column":8},"end":{"line":49,"column":26}},"15":{"start":{"line":52,"column":8},"end":{"line":52,"column":28}},"16":{"start":{"line":55,"column":8},"end":{"line":55,"column":24}},"17":{"start":{"line":58,"column":8},"end":{"line":58,"column":27}},"18":{"start":{"line":8,"column":1},"end":{"line":8,"column":14}}},"fnMap":{"0":{"name":"(anonymous_0)","decl":{"start":{"line":15,"column":8},"end":{"line":15,"column":20}},"loc":{"start":{"line":15,"column":104},"end":{"line":23,"column":5}}},"1":{"name":"(anonymous_1)","decl":{"start":{"line":24,"column":4},"end":{"line":24,"column":11}},"loc":{"start":{"line":24,"column":24},"end":{"line":26,"column":5}}},"2":{"name":"(anonymous_2)","decl":{"start":{"line":27,"column":4},"end":{"line":27,"column":13}},"loc":{"start":{"line":27,"column":28},"end":{"line":29,"column":5}}},"3":{"name":"(anonymous_3)","decl":{"start":{"line":30,"column":4},"end":{"line":30,"column":12}},"loc":{"start":{"line":30,"column":26},"end":{"line":32,"column":5}}},"4":{"name":"(anonymous_4)","decl":{"start":{"line":33,"column":4},"end":{"line":33,"column":14}},"loc":{"start":{"line":33,"column":30},"end":{"line":35,"column":5}}},"5":{"name":"(anonymous_5)","decl":{"start":{"line":36,"column":4},"end":{"line":36,"column":10}},"loc":{"start":{"line":36,"column":22},"end":{"line":38,"column":5}}},"6":{"name":"(anonymous_6)","decl":{"start":{"line":39,"column":4},"end":{"line":39,"column":13}},"loc":{"start":{"line":39,"column":28},"end":{"line":41,"column":5}}},"7":{"name":"(anonymous_7)","decl":{"start":{"line":42,"column":4},"end":{"line":42,"column":11}},"loc":{"start":{"line":42,"column":11},"end":{"line":44,"column":5}}},"8":{"name":"(anonymous_8)","decl":{"start":{"line":45,"column":4},"end":{"line":45,"column":13}},"loc":{"start":{"line":45,"column":13},"end":{"line":47,"column":5}}},"9":{"name":"(anonymous_9)","decl":{"start":{"line":48,"column":4},"end":{"line":48,"column":12}},"loc":{"start":{"line":48,"column":12},"end":{"line":50,"column":5}}},"10":{"name":"(anonymous_10)","decl":{"start":{"line":51,"column":4},"end":{"line":51,"column":14}},"loc":{"start":{"line":51,"column":14},"end":{"line":53,"column":5}}},"11":{"name":"(anonymous_11)","decl":{"start":{"line":54,"column":4},"end":{"line":54,"column":10}},"loc":{"start":{"line":54,"column":10},"end":{"line":56,"column":5}}},"12":{"name":"(anonymous_12)","decl":{"start":{"line":57,"column":4},"end":{"line":57,"column":13}},"loc":{"start":{"line":57,"column":13},"end":{"line":59,"column":5}}}},"branchMap":{},"s":{"0":52,"1":52,"2":52,"3":52,"4":52,"5":52,"6":0,"7":1,"8":1,"9":1,"10":1,"11":1,"12":94,"13":34,"14":34,"15":34,"16":34,"17":34,"18":1},"f":{"0":52,"1":0,"2":1,"3":1,"4":1,"5":1,"6":1,"7":94,"8":34,"9":34,"10":34,"11":34,"12":34},"b":{}}
,"C:\\Users\\migue\\Desktop\\ads\\2 SEMESTRE\\programação orientada objetos\\trabalho final\\biblioteca\\src\\classes\\Membro.ts": {"path":"C:\\Users\\migue\\Desktop\\ads\\2 SEMESTRE\\programação orientada objetos\\trabalho final\\biblioteca\\src\\classes\\Membro.ts","statementMap":{"0":{"start":{"line":1,"column":0},"end":{"line":1,"column":34}},"1":{"start":{"line":11,"column":8},"end":{"line":11,"column":40}},"2":{"start":{"line":12,"column":8},"end":{"line":12,"column":35}},"3":{"start":{"line":16,"column":8},"end":{"line":16,"column":39}},"4":{"start":{"line":20,"column":8},"end":{"line":20,"column":30}},"5":{"start":{"line":3,"column":0},"end":{"line":3,"column":13}}},"fnMap":{"0":{"name":"(anonymous_0)","decl":{"start":{"line":6,"column":4},"end":{"line":6,"column":null}},"loc":{"start":{"line":10,"column":25},"end":{"line":13,"column":5}}},"1":{"name":"(anonymous_1)","decl":{"start":{"line":15,"column":11},"end":{"line":15,"column":23}},"loc":{"start":{"line":15,"column":45},"end":{"line":17,"column":5}}},"2":{"name":"(anonymous_2)","decl":{"start":{"line":19,"column":11},"end":{"line":19,"column":23}},"loc":{"start":{"line":19,"column":23},"end":{"line":21,"column":5}}}},"branchMap":{},"s":{"0":1,"1":33,"2":33,"3":0,"4":78,"5":1},"f":{"0":33,"1":0,"2":78},"b":{}}
,"C:\\Users\\migue\\Desktop\\ads\\2 SEMESTRE\\programação orientada objetos\\trabalho final\\biblioteca\\src\\classes\\Pessoa.ts": {"path":"C:\\Users\\migue\\Desktop\\ads\\2 SEMESTRE\\programação orientada objetos\\trabalho final\\biblioteca\\src\\classes\\Pessoa.ts","statementMap":{"0":{"start":{"line":7,"column":8},"end":{"line":7,"column":25}},"1":{"start":{"line":8,"column":8},"end":{"line":8,"column":33}},"2":{"start":{"line":9,"column":8},"end":{"line":9,"column":33}},"3":{"start":{"line":13,"column":8},"end":{"line":13,"column":25}},"4":{"start":{"line":17,"column":8},"end":{"line":17,"column":33}},"5":{"start":{"line":21,"column":8},"end":{"line":21,"column":33}},"6":{"start":{"line":25,"column":8},"end":{"line":25,"column":25}},"7":{"start":{"line":29,"column":8},"end":{"line":29,"column":29}},"8":{"start":{"line":33,"column":8},"end":{"line":33,"column":29}},"9":{"start":{"line":1,"column":0},"end":{"line":1,"column":13}}},"fnMap":{"0":{"name":"(anonymous_0)","decl":{"start":{"line":6,"column":4},"end":{"line":6,"column":16}},"loc":{"start":{"line":6,"column":64},"end":{"line":10,"column":5}}},"1":{"name":"(anonymous_1)","decl":{"start":{"line":12,"column":4},"end":{"line":12,"column":11}},"loc":{"start":{"line":12,"column":24},"end":{"line":14,"column":5}}},"2":{"name":"(anonymous_2)","decl":{"start":{"line":16,"column":4},"end":{"line":16,"column":15}},"loc":{"start":{"line":16,"column":32},"end":{"line":18,"column":5}}},"3":{"name":"(anonymous_3)","decl":{"start":{"line":20,"column":4},"end":{"line":20,"column":15}},"loc":{"start":{"line":20,"column":32},"end":{"line":22,"column":5}}},"4":{"name":"(anonymous_4)","decl":{"start":{"line":24,"column":4},"end":{"line":24,"column":11}},"loc":{"start":{"line":24,"column":11},"end":{"line":26,"column":5}}},"5":{"name":"(anonymous_5)","decl":{"start":{"line":28,"column":4},"end":{"line":28,"column":15}},"loc":{"start":{"line":28,"column":15},"end":{"line":30,"column":5}}},"6":{"name":"(anonymous_6)","decl":{"start":{"line":32,"column":4},"end":{"line":32,"column":15}},"loc":{"start":{"line":32,"column":15},"end":{"line":34,"column":5}}}},"branchMap":{},"s":{"0":33,"1":33,"2":33,"3":1,"4":1,"5":1,"6":37,"7":37,"8":37,"9":1},"f":{"0":33,"1":1,"2":1,"3":1,"4":37,"5":37,"6":37},"b":{}}
}
