TN:
SF:classes\Biblioteca.ts
FN:14,(anonymous_8)
FN:22,(anonymous_9)
FN:26,(anonymous_10)
FN:32,(anonymous_11)
FN:33,(anonymous_12)
FN:35,(anonymous_13)
FN:52,(anonymous_14)
FN:62,(anonymous_16)
FN:80,(anonymous_17)
FN:92,(anonymous_19)
FN:108,(anonymous_20)
FN:117,(anonymous_22)
FN:134,(anonymous_23)
FN:149,(anonymous_24)
FN:153,(anonymous_25)
FN:155,(anonymous_26)
FN:169,(anonymous_27)
FN:173,(anonymous_28)
FN:174,(anonymous_29)
FN:180,(anonymous_30)
FN:184,(anonymous_31)
FN:185,(anonymous_32)
FN:186,(anonymous_33)
FN:187,(anonymous_34)
FN:195,(anonymous_35)
FN:204,(anonymous_36)
FN:205,(anonymous_37)
FN:210,(anonymous_38)
FN:211,(anonymous_39)
FN:222,(anonymous_40)
FN:223,(anonymous_41)
FN:235,(anonymous_42)
FN:238,(anonymous_43)
FN:257,(anonymous_44)
FN:258,(anonymous_45)
FN:277,(anonymous_46)
FN:281,(anonymous_47)
FN:285,(anonymous_48)
FN:289,(anonymous_49)
FN:290,(anonymous_50)
FN:293,(anonymous_51)
FN:294,(anonymous_52)
FNF:42
FNH:33
FNDA:16,(anonymous_8)
FNDA:11,(anonymous_9)
FNDA:11,(anonymous_10)
FNDA:9,(anonymous_11)
FNDA:11,(anonymous_12)
FNDA:11,(anonymous_13)
FNDA:16,(anonymous_14)
FNDA:17,(anonymous_16)
FNDA:18,(anonymous_17)
FNDA:19,(anonymous_19)
FNDA:11,(anonymous_20)
FNDA:17,(anonymous_22)
FNDA:17,(anonymous_23)
FNDA:18,(anonymous_24)
FNDA:0,(anonymous_25)
FNDA:0,(anonymous_26)
FNDA:18,(anonymous_27)
FNDA:0,(anonymous_28)
FNDA:0,(anonymous_29)
FNDA:17,(anonymous_30)
FNDA:0,(anonymous_31)
FNDA:0,(anonymous_32)
FNDA:0,(anonymous_33)
FNDA:0,(anonymous_34)
FNDA:0,(anonymous_35)
FNDA:1,(anonymous_36)
FNDA:1,(anonymous_37)
FNDA:1,(anonymous_38)
FNDA:1,(anonymous_39)
FNDA:1,(anonymous_40)
FNDA:1,(anonymous_41)
FNDA:3,(anonymous_42)
FNDA:3,(anonymous_43)
FNDA:5,(anonymous_44)
FNDA:5,(anonymous_45)
FNDA:3,(anonymous_46)
FNDA:3,(anonymous_47)
FNDA:2,(anonymous_48)
FNDA:2,(anonymous_49)
FNDA:6,(anonymous_50)
FNDA:2,(anonymous_51)
FNDA:6,(anonymous_52)
DA:1,1
DA:2,1
DA:3,1
DA:4,1
DA:5,1
DA:6,1
DA:8,1
DA:11,16
DA:12,16
DA:13,16
DA:15,16
DA:16,16
DA:17,16
DA:23,11
DA:24,11
DA:27,11
DA:28,11
DA:33,11
DA:35,11
DA:37,9
DA:38,9
DA:39,9
DA:41,0
DA:53,16
DA:62,17
DA:68,16
DA:69,16
DA:70,0
DA:72,0
DA:81,18
DA:92,19
DA:100,18
DA:101,18
DA:102,0
DA:104,0
DA:109,11
DA:117,11
DA:118,17
DA:119,17
DA:120,17
DA:121,17
DA:128,0
DA:134,17
DA:135,11
DA:136,11
DA:137,0
DA:139,0
DA:150,18
DA:151,18
DA:152,0
DA:153,0
DA:154,0
DA:155,0
DA:156,0
DA:170,18
DA:171,18
DA:172,0
DA:173,0
DA:174,0
DA:175,0
DA:181,17
DA:182,17
DA:183,0
DA:184,0
DA:185,0
DA:186,0
DA:187,0
DA:189,0
DA:190,0
DA:192,0
DA:193,0
DA:195,0
DA:205,1
DA:207,1
DA:211,1
DA:213,1
DA:223,1
DA:224,1
DA:225,1
DA:226,1
DA:238,3
DA:240,3
DA:241,3
DA:242,3
DA:244,3
DA:246,3
DA:258,5
DA:259,5
DA:260,5
DA:262,5
DA:263,5
DA:264,5
DA:265,5
DA:266,5
DA:278,3
DA:282,3
DA:286,2
DA:290,6
DA:294,6
LF:99
LH:72
BRDA:37,0,0,9
BRDA:37,0,1,0
BRDA:37,1,0,9
BRDA:37,1,1,9
BRDA:118,2,0,17
BRDA:118,3,0,17
BRDA:118,3,1,17
BRDA:124,4,0,17
BRDA:124,4,1,0
BRDA:125,5,0,1
BRDA:125,5,1,16
BRDA:151,6,0,0
BRDA:171,7,0,0
BRDA:182,8,0,0
BRDA:189,9,0,0
BRDA:189,9,1,0
BRDA:189,10,0,0
BRDA:189,10,1,0
BRDA:190,11,0,0
BRDA:190,11,1,0
BRDA:223,12,0,1
BRDA:223,12,1,1
BRDA:224,13,0,1
BRDA:240,14,0,3
BRDA:241,15,0,1
BRDA:242,16,0,1
BRDA:244,17,0,1
BRDA:259,18,0,5
BRDA:260,19,0,1
BRDA:262,20,0,1
BRDA:263,21,0,1
BRDA:264,22,0,1
BRDA:265,23,0,1
BRF:33
BRH:22
end_of_record
TN:
SF:classes\Emprestimo.ts
FN:11,(anonymous_0)
FN:24,(anonymous_1)
FN:27,(anonymous_2)
FN:30,(anonymous_3)
FN:33,(anonymous_4)
FN:36,(anonymous_5)
FN:39,(anonymous_6)
FN:42,(anonymous_7)
FN:45,(anonymous_8)
FNF:9
FNH:8
FNDA:10,(anonymous_0)
FNDA:17,(anonymous_1)
FNDA:18,(anonymous_2)
FNDA:41,(anonymous_3)
FNDA:41,(anonymous_4)
FNDA:11,(anonymous_5)
FNDA:11,(anonymous_6)
FNDA:1,(anonymous_7)
FNDA:0,(anonymous_8)
DA:4,1
DA:17,10
DA:18,10
DA:19,10
DA:20,10
DA:21,10
DA:22,10
DA:25,17
DA:28,18
DA:31,41
DA:34,41
DA:37,11
DA:40,11
DA:43,1
DA:46,0
LF:15
LH:14
BRF:0
BRH:0
end_of_record
TN:
SF:classes\Livro.ts
FN:15,(anonymous_0)
FN:24,(anonymous_1)
FN:27,(anonymous_2)
FN:30,(anonymous_3)
FN:33,(anonymous_4)
FN:36,(anonymous_5)
FN:39,(anonymous_6)
FN:42,(anonymous_7)
FN:45,(anonymous_8)
FN:48,(anonymous_9)
FN:51,(anonymous_10)
FN:54,(anonymous_11)
FN:57,(anonymous_12)
FNF:13
FNH:12
FNDA:13,(anonymous_0)
FNDA:0,(anonymous_1)
FNDA:1,(anonymous_2)
FNDA:1,(anonymous_3)
FNDA:1,(anonymous_4)
FNDA:1,(anonymous_5)
FNDA:1,(anonymous_6)
FNDA:70,(anonymous_7)
FNDA:20,(anonymous_8)
FNDA:20,(anonymous_9)
FNDA:20,(anonymous_10)
FNDA:20,(anonymous_11)
FNDA:20,(anonymous_12)
DA:8,1
DA:17,13
DA:18,13
DA:19,13
DA:20,13
DA:21,13
DA:22,13
DA:25,0
DA:28,1
DA:31,1
DA:34,1
DA:37,1
DA:40,1
DA:43,70
DA:46,20
DA:49,20
DA:52,20
DA:55,20
DA:58,20
LF:19
LH:18
BRF:0
BRH:0
end_of_record
TN:
SF:classes\Membro.ts
FN:6,(anonymous_0)
FN:15,(anonymous_1)
FN:19,(anonymous_2)
FNF:3
FNH:2
FNDA:13,(anonymous_0)
FNDA:0,(anonymous_1)
FNDA:66,(anonymous_2)
DA:1,1
DA:3,1
DA:11,13
DA:12,13
DA:16,0
DA:20,66
LF:6
LH:5
BRF:0
BRH:0
end_of_record
TN:
SF:classes\Pessoa.ts
FN:6,(anonymous_0)
FN:12,(anonymous_1)
FN:16,(anonymous_2)
FN:20,(anonymous_3)
FN:24,(anonymous_4)
FN:28,(anonymous_5)
FN:32,(anonymous_6)
FNF:7
FNH:7
FNDA:13,(anonymous_0)
FNDA:1,(anonymous_1)
FNDA:1,(anonymous_2)
FNDA:1,(anonymous_3)
FNDA:18,(anonymous_4)
FNDA:18,(anonymous_5)
FNDA:18,(anonymous_6)
DA:1,1
DA:7,13
DA:8,13
DA:9,13
DA:13,1
DA:17,1
DA:21,1
DA:25,18
DA:29,18
DA:33,18
LF:10
LH:10
BRF:0
BRH:0
end_of_record
