TN:
SF:classes\Biblioteca.ts
FN:14,(anonymous_8)
FN:19,(anonymous_9)
FN:23,(anonymous_10)
FN:27,(anonymous_11)
FN:28,(anonymous_12)
FN:29,(anonymous_13)
FN:38,(anonymous_14)
FN:48,(anonymous_16)
FN:61,(anonymous_17)
FN:73,(anonymous_19)
FN:89,(anonymous_20)
FN:100,(anonymous_22)
FN:115,(anonymous_23)
FN:119,(anonymous_24)
FN:120,(anonymous_25)
FN:126,(anonymous_26)
FN:130,(anonymous_27)
FN:131,(anonymous_28)
FN:137,(anonymous_29)
FN:141,(anonymous_30)
FN:142,(anonymous_31)
FN:143,(anonymous_32)
FN:144,(anonymous_33)
FN:152,(anonymous_34)
FN:156,(anonymous_35)
FN:157,(anonymous_36)
FN:161,(anonymous_37)
FN:162,(anonymous_38)
FN:166,(anonymous_39)
FN:167,(anonymous_40)
FN:174,(anonymous_41)
FN:175,(anonymous_42)
FN:184,(anonymous_43)
FN:185,(anonymous_44)
FN:196,(anonymous_45)
FN:200,(anonymous_46)
FN:204,(anonymous_47)
FN:208,(anonymous_48)
FN:209,(anonymous_49)
FN:212,(anonymous_50)
FN:213,(anonymous_51)
FNF:41
FNH:30
FNDA:43,(anonymous_8)
FNDA:20,(anonymous_9)
FNDA:22,(anonymous_10)
FNDA:9,(anonymous_11)
FNDA:10,(anonymous_12)
FNDA:10,(anonymous_13)
FNDA:29,(anonymous_14)
FNDA:27,(anonymous_16)
FNDA:33,(anonymous_17)
FNDA:31,(anonymous_19)
FNDA:12,(anonymous_20)
FNDA:15,(anonymous_22)
FNDA:50,(anonymous_23)
FNDA:0,(anonymous_24)
FNDA:0,(anonymous_25)
FNDA:50,(anonymous_26)
FNDA:0,(anonymous_27)
FNDA:0,(anonymous_28)
FNDA:47,(anonymous_29)
FNDA:0,(anonymous_30)
FNDA:0,(anonymous_31)
FNDA:0,(anonymous_32)
FNDA:0,(anonymous_33)
FNDA:0,(anonymous_34)
FNDA:3,(anonymous_35)
FNDA:3,(anonymous_36)
FNDA:3,(anonymous_37)
FNDA:3,(anonymous_38)
FNDA:3,(anonymous_39)
FNDA:3,(anonymous_40)
FNDA:6,(anonymous_41)
FNDA:6,(anonymous_42)
FNDA:8,(anonymous_43)
FNDA:8,(anonymous_44)
FNDA:9,(anonymous_45)
FNDA:9,(anonymous_46)
FNDA:7,(anonymous_47)
FNDA:1,(anonymous_48)
FNDA:3,(anonymous_49)
FNDA:0,(anonymous_50)
FNDA:0,(anonymous_51)
DA:1,1
DA:2,1
DA:3,1
DA:4,1
DA:5,1
DA:6,1
DA:8,1
DA:11,43
DA:12,43
DA:13,43
DA:15,43
DA:16,43
DA:17,43
DA:20,20
DA:21,20
DA:24,22
DA:25,22
DA:28,10
DA:29,10
DA:31,9
DA:32,9
DA:33,9
DA:35,0
DA:39,29
DA:48,29
DA:54,29
DA:55,29
DA:56,0
DA:58,0
DA:62,33
DA:73,33
DA:81,33
DA:82,33
DA:83,0
DA:85,0
DA:90,12
DA:100,15
DA:107,12
DA:108,12
DA:109,0
DA:111,0
DA:116,50
DA:117,50
DA:118,0
DA:119,0
DA:120,0
DA:121,0
DA:127,50
DA:128,50
DA:129,0
DA:130,0
DA:131,0
DA:132,0
DA:138,47
DA:139,47
DA:140,0
DA:141,0
DA:142,0
DA:143,0
DA:144,0
DA:146,0
DA:147,0
DA:149,0
DA:150,0
DA:152,0
DA:157,3
DA:158,3
DA:162,3
DA:163,3
DA:167,3
DA:168,3
DA:169,3
DA:170,3
DA:175,6
DA:176,6
DA:177,6
DA:178,6
DA:179,6
DA:180,6
DA:185,8
DA:186,8
DA:187,8
DA:188,8
DA:189,8
DA:190,8
DA:191,8
DA:192,8
DA:197,9
DA:201,9
DA:205,7
DA:209,3
DA:213,0
LF:92
LH:66
BRDA:31,0,0,9
BRDA:31,0,1,0
BRDA:31,1,0,9
BRDA:31,1,1,9
BRDA:104,2,0,3
BRDA:104,2,1,12
BRDA:104,3,0,15
BRDA:104,3,1,15
BRDA:104,4,0,12
BRDA:104,4,1,3
BRDA:104,5,0,15
BRDA:104,5,1,3
BRDA:117,6,0,0
BRDA:128,7,0,0
BRDA:139,8,0,0
BRDA:146,9,0,0
BRDA:146,9,1,0
BRDA:146,10,0,0
BRDA:146,10,1,0
BRDA:147,11,0,0
BRDA:147,11,1,0
BRDA:167,12,0,3
BRDA:167,12,1,3
BRDA:168,13,0,3
BRDA:176,14,0,6
BRDA:177,15,0,4
BRDA:178,16,0,1
BRDA:179,17,0,1
BRDA:186,18,0,8
BRDA:187,19,0,4
BRDA:188,20,0,1
BRDA:189,21,0,1
BRDA:190,22,0,1
BRDA:191,23,0,1
BRF:34
BRH:24
end_of_record
TN:
SF:classes\Emprestimo.ts
FN:13,(anonymous_0)
FN:29,(anonymous_1)
FN:33,(anonymous_2)
FN:37,(anonymous_3)
FN:41,(anonymous_4)
FN:45,(anonymous_5)
FN:49,(anonymous_6)
FN:54,(anonymous_7)
FN:58,(anonymous_8)
FNF:9
FNH:8
FNDA:13,(anonymous_0)
FNDA:15,(anonymous_1)
FNDA:18,(anonymous_2)
FNDA:18,(anonymous_3)
FNDA:21,(anonymous_4)
FNDA:10,(anonymous_5)
FNDA:10,(anonymous_6)
FNDA:3,(anonymous_7)
FNDA:0,(anonymous_8)
DA:4,1
DA:20,13
DA:21,13
DA:22,13
DA:23,13
DA:24,13
DA:25,13
DA:30,15
DA:34,18
DA:38,18
DA:42,21
DA:46,10
DA:50,10
DA:55,3
DA:59,0
LF:15
LH:14
BRF:0
BRH:0
end_of_record
TN:
SF:classes\Livro.ts
FN:18,(anonymous_0)
FN:34,(anonymous_1)
FN:38,(anonymous_2)
FN:42,(anonymous_3)
FN:46,(anonymous_4)
FN:50,(anonymous_5)
FN:54,(anonymous_6)
FN:58,(anonymous_7)
FN:62,(anonymous_8)
FN:66,(anonymous_9)
FN:70,(anonymous_10)
FN:74,(anonymous_11)
FN:78,(anonymous_12)
FNF:13
FNH:12
FNDA:29,(anonymous_0)
FNDA:0,(anonymous_1)
FNDA:4,(anonymous_2)
FNDA:1,(anonymous_3)
FNDA:1,(anonymous_4)
FNDA:1,(anonymous_5)
FNDA:1,(anonymous_6)
FNDA:83,(anonymous_7)
FNDA:35,(anonymous_8)
FNDA:32,(anonymous_9)
FNDA:32,(anonymous_10)
FNDA:32,(anonymous_11)
FNDA:32,(anonymous_12)
DA:10,1
DA:26,29
DA:27,29
DA:28,29
DA:29,29
DA:30,29
DA:31,29
DA:35,0
DA:39,4
DA:43,1
DA:47,1
DA:51,1
DA:55,1
DA:59,83
DA:63,35
DA:67,32
DA:71,32
DA:75,32
DA:79,32
LF:19
LH:18
BRF:0
BRH:0
end_of_record
TN:
SF:classes\Membro.ts
FN:6,(anonymous_0)
FN:11,(anonymous_1)
FN:15,(anonymous_2)
FNF:3
FNH:2
FNDA:27,(anonymous_0)
FNDA:0,(anonymous_1)
FNDA:80,(anonymous_2)
DA:1,1
DA:3,1
DA:7,27
DA:8,27
DA:12,0
DA:16,80
LF:6
LH:5
BRF:0
BRH:0
end_of_record
TN:
SF:classes\Pessoa.ts
FN:6,(anonymous_0)
FN:12,(anonymous_1)
FN:16,(anonymous_2)
FN:20,(anonymous_3)
FN:24,(anonymous_4)
FN:28,(anonymous_5)
FN:32,(anonymous_6)
FNF:7
FNH:7
FNDA:27,(anonymous_0)
FNDA:4,(anonymous_1)
FNDA:1,(anonymous_2)
FNDA:1,(anonymous_3)
FNDA:31,(anonymous_4)
FNDA:28,(anonymous_5)
FNDA:28,(anonymous_6)
DA:1,1
DA:7,27
DA:8,27
DA:9,27
DA:13,4
DA:17,1
DA:21,1
DA:25,31
DA:29,28
DA:33,28
LF:10
LH:10
BRF:0
BRH:0
end_of_record
